<?xml version="1.0" encoding="UTF-8"?>
<robot generator="Robot 6.0.1 (Python 3.10.0 on win32)" generated="20230112 10:50:53.173" rpa="false" schemaversion="3">
<suite id="s1" name="APITests" source="C:\Users\Jyri\Desktop\SpotifyAPITest\APITests.robot">
<test id="s1-t1" name="Fetch Master of Puppets album" line="11">
<kw name="GET" library="RequestsLibrary">
<var>&amp;{get_request}</var>
<arg>${BASE_URL}/albums/2Lq2qX3hYhiuPckC8Flj21?market=ES</arg>
<arg>expected_status=200</arg>
<arg>params=token=${TOKEN}</arg>
<doc>Sends a GET request.</doc>
<msg timestamp="20230112 10:50:53.338" level="WARN">You might have an = symbol in url. You better place 'url=' before, example: 'url=/your-url/foo?param=a' or use '/your-url/foo  params=param=a' or escape it</msg>
<msg timestamp="20230112 10:50:53.339" level="FAIL">TypeError: RequestsKeywords.session_less_get() missing 1 required positional argument: 'url'</msg>
<status status="FAIL" starttime="20230112 10:50:53.338" endtime="20230112 10:50:53.339"/>
</kw>
<kw name="Log" library="BuiltIn">
<arg>${get_request.json()}</arg>
<doc>Logs the given message with the given level.</doc>
<status status="NOT RUN" starttime="20230112 10:50:53.339" endtime="20230112 10:50:53.339"/>
</kw>
<status status="FAIL" starttime="20230112 10:50:53.337" endtime="20230112 10:50:53.339">TypeError: RequestsKeywords.session_less_get() missing 1 required positional argument: 'url'</status>
</test>
<doc>A test suite for the various API calls</doc>
<status status="FAIL" starttime="20230112 10:50:53.174" endtime="20230112 10:50:53.340"/>
</suite>
<statistics>
<total>
<stat pass="0" fail="1" skip="0">All Tests</stat>
</total>
<tag>
</tag>
<suite>
<stat pass="0" fail="1" skip="0" id="s1" name="APITests">APITests</stat>
</suite>
</statistics>
<errors>
<msg timestamp="20230112 10:50:53.338" level="WARN">You might have an = symbol in url. You better place 'url=' before, example: 'url=/your-url/foo?param=a' or use '/your-url/foo  params=param=a' or escape it</msg>
</errors>
</robot>
