<?xml version="1.0" encoding="UTF-8"?>
<robot generator="Robot 6.0.1 (Python 3.10.0 on win32)" generated="20230119 11:46:33.788" rpa="false" schemaversion="3">
<suite id="s1" name="Tests" source="C:\Users\Jyri\Documents\GitHub\RBR_UI_Tests\tests">
<suite id="s1-s1" name="DriversPage" source="C:\Users\Jyri\Documents\GitHub\RBR_UI_Tests\tests\DriversPage.robot">
<test id="s1-s1-t1" name="Check that max verstappen info is correct" line="22">
<kw name="Open Browser and accept cookies" library="Generic" type="SETUP">
<kw name="Create Webdriver" library="SeleniumLibrary">
<arg>${BROWSER}</arg>
<arg>executable_path=/resources/${BROWSER}</arg>
<doc>Creates an instance of Selenium WebDriver.</doc>
<msg timestamp="20230119 11:46:33.933" level="INFO">Creating an instance of the Chrome WebDriver.</msg>
<status status="PASS" starttime="20230119 11:46:33.932" endtime="20230119 11:46:35.198"/>
</kw>
<kw name="Maximize Browser Window" library="SeleniumLibrary">
<doc>Maximizes current browser window.</doc>
<status status="PASS" starttime="20230119 11:46:35.199" endtime="20230119 11:46:35.314"/>
</kw>
<kw name="Go To" library="SeleniumLibrary">
<arg>${URL}</arg>
<doc>Navigates the current browser window to the provided ``url``.</doc>
<msg timestamp="20230119 11:46:35.315" level="INFO">Opening url 'https://www.redbullracing.com/int-en'</msg>
<status status="PASS" starttime="20230119 11:46:35.315" endtime="20230119 11:46:37.411"/>
</kw>
<kw name="Accept cookies" library="Generic">
<kw name="Wait until element is located" library="Generic">
<arg>id=onetrust-accept-btn-handler</arg>
<kw name="Wait Until Element Is Visible" library="SeleniumLibrary">
<arg>${page_locator}</arg>
<arg>timeout=10s</arg>
<doc>Waits until the element ``locator`` is visible.</doc>
<status status="PASS" starttime="20230119 11:46:37.411" endtime="20230119 11:46:37.427"/>
</kw>
<status status="PASS" starttime="20230119 11:46:37.411" endtime="20230119 11:46:37.427"/>
</kw>
<kw name="Click Element" library="SeleniumLibrary">
<arg>id=onetrust-accept-btn-handler</arg>
<doc>Click the element identified by ``locator``.</doc>
<msg timestamp="20230119 11:46:37.428" level="INFO">Clicking element 'id=onetrust-accept-btn-handler'.</msg>
<status status="PASS" starttime="20230119 11:46:37.428" endtime="20230119 11:46:37.467"/>
</kw>
<status status="PASS" starttime="20230119 11:46:37.411" endtime="20230119 11:46:37.467"/>
</kw>
<status status="PASS" starttime="20230119 11:46:33.932" endtime="20230119 11:46:37.467"/>
</kw>
<kw name="Select Max Verstappen">
<kw name="Click Element" library="SeleniumLibrary">
<arg>xpath=//a[@href='/int-en/drivers/max-verstappen/']//span[@class='button__label'][normalize-space()='View profile']</arg>
<doc>Click the element identified by ``locator``.</doc>
<msg timestamp="20230119 11:46:37.468" level="INFO">Clicking element 'xpath=//a[@href='/int-en/drivers/max-verstappen/']//span[@class='button__label'][normalize-space()='View profile']'.</msg>
<status status="PASS" starttime="20230119 11:46:37.467" endtime="20230119 11:46:40.425"/>
</kw>
<status status="PASS" starttime="20230119 11:46:37.467" endtime="20230119 11:46:40.425"/>
</kw>
<kw name="Check that Max info is correct">
<kw name="Page Should Contain" library="SeleniumLibrary">
<arg>Netherlands</arg>
<doc>Verifies that current page contains ``text``.</doc>
<msg timestamp="20230119 11:46:40.442" level="INFO">Current page contains text 'Netherlands'.</msg>
<status status="PASS" starttime="20230119 11:46:40.426" endtime="20230119 11:46:40.442"/>
</kw>
<kw name="Wait Until Keyword Succeeds" library="BuiltIn">
<arg>15x</arg>
<arg>1s</arg>
<arg>Page Should Contain</arg>
<arg>Netherlands</arg>
<doc>Runs the specified keyword and retries if it fails.</doc>
<kw name="Page Should Contain" library="SeleniumLibrary">
<arg>Netherlands</arg>
<doc>Verifies that current page contains ``text``.</doc>
<msg timestamp="20230119 11:46:40.456" level="INFO">Current page contains text 'Netherlands'.</msg>
<status status="PASS" starttime="20230119 11:46:40.443" endtime="20230119 11:46:40.456"/>
</kw>
<status status="PASS" starttime="20230119 11:46:40.442" endtime="20230119 11:46:40.456"/>
</kw>
<kw name="Click Element" library="SeleniumLibrary">
<arg>${read_more}</arg>
<doc>Click the element identified by ``locator``.</doc>
<msg timestamp="20230119 11:46:40.456" level="INFO">Clicking element 'xpath=//div[@class='description-text__read-more']//button[@class='button button--clickable']'.</msg>
<status status="PASS" starttime="20230119 11:46:40.456" endtime="20230119 11:46:40.485"/>
</kw>
<kw name="Page Should Contain" library="SeleniumLibrary">
<arg>23,000 laps raced</arg>
<doc>Verifies that current page contains ``text``.</doc>
<msg timestamp="20230119 11:46:40.503" level="INFO">Current page contains text '23,000 laps raced'.</msg>
<status status="PASS" starttime="20230119 11:46:40.485" endtime="20230119 11:46:40.503"/>
</kw>
<kw name="Click Element" library="SeleniumLibrary">
<arg>${view_more}</arg>
<doc>Click the element identified by ``locator``.</doc>
<msg timestamp="20230119 11:46:40.503" level="INFO">Clicking element 'xpath=//button[@class='button button--clickable']'.</msg>
<status status="PASS" starttime="20230119 11:46:40.503" endtime="20230119 11:46:40.544"/>
</kw>
<kw name="Page Should Contain" library="SeleniumLibrary">
<arg>Pole Position: Brazilian Grand Prix</arg>
<doc>Verifies that current page contains ``text``.</doc>
<msg timestamp="20230119 11:46:40.566" level="INFO">Current page contains text 'Pole Position: Brazilian Grand Prix'.</msg>
<status status="PASS" starttime="20230119 11:46:40.544" endtime="20230119 11:46:40.566"/>
</kw>
<kw name="Click Element" library="SeleniumLibrary">
<arg>${view_more}</arg>
<doc>Click the element identified by ``locator``.</doc>
<msg timestamp="20230119 11:46:40.567" level="INFO">Clicking element 'xpath=//button[@class='button button--clickable']'.</msg>
<status status="PASS" starttime="20230119 11:46:40.566" endtime="20230119 11:46:40.595"/>
</kw>
<status status="PASS" starttime="20230119 11:46:40.426" endtime="20230119 11:46:40.595"/>
</kw>
<kw name="Close Browser" library="Generic" type="TEARDOWN">
<kw name="Close All Browsers" library="SeleniumLibrary">
<doc>Closes all open browsers and resets the browser cache.</doc>
<status status="PASS" starttime="20230119 11:46:40.596" endtime="20230119 11:46:46.817"/>
</kw>
<status status="PASS" starttime="20230119 11:46:40.596" endtime="20230119 11:46:46.817"/>
</kw>
<tag>Primary</tag>
<status status="PASS" starttime="20230119 11:46:33.932" endtime="20230119 11:46:46.817"/>
</test>
<test id="s1-s1-t2" name="Check that Sergio Perez info is correct" line="27">
<kw name="Open Browser and accept cookies" library="Generic" type="SETUP">
<kw name="Create Webdriver" library="SeleniumLibrary">
<arg>${BROWSER}</arg>
<arg>executable_path=/resources/${BROWSER}</arg>
<doc>Creates an instance of Selenium WebDriver.</doc>
<msg timestamp="20230119 11:46:46.819" level="INFO">Creating an instance of the Chrome WebDriver.</msg>
<status status="PASS" starttime="20230119 11:46:46.819" endtime="20230119 11:46:48.021"/>
</kw>
<kw name="Maximize Browser Window" library="SeleniumLibrary">
<doc>Maximizes current browser window.</doc>
<status status="PASS" starttime="20230119 11:46:48.021" endtime="20230119 11:46:48.136"/>
</kw>
<kw name="Go To" library="SeleniumLibrary">
<arg>${URL}</arg>
<doc>Navigates the current browser window to the provided ``url``.</doc>
<msg timestamp="20230119 11:46:48.137" level="INFO">Opening url 'https://www.redbullracing.com/int-en'</msg>
<status status="PASS" starttime="20230119 11:46:48.136" endtime="20230119 11:46:50.251"/>
</kw>
<kw name="Accept cookies" library="Generic">
<kw name="Wait until element is located" library="Generic">
<arg>id=onetrust-accept-btn-handler</arg>
<kw name="Wait Until Element Is Visible" library="SeleniumLibrary">
<arg>${page_locator}</arg>
<arg>timeout=10s</arg>
<doc>Waits until the element ``locator`` is visible.</doc>
<status status="PASS" starttime="20230119 11:46:50.251" endtime="20230119 11:46:50.268"/>
</kw>
<status status="PASS" starttime="20230119 11:46:50.251" endtime="20230119 11:46:50.268"/>
</kw>
<kw name="Click Element" library="SeleniumLibrary">
<arg>id=onetrust-accept-btn-handler</arg>
<doc>Click the element identified by ``locator``.</doc>
<msg timestamp="20230119 11:46:50.269" level="INFO">Clicking element 'id=onetrust-accept-btn-handler'.</msg>
<status status="PASS" starttime="20230119 11:46:50.268" endtime="20230119 11:46:50.302"/>
</kw>
<status status="PASS" starttime="20230119 11:46:50.251" endtime="20230119 11:46:50.302"/>
</kw>
<status status="PASS" starttime="20230119 11:46:46.819" endtime="20230119 11:46:50.302"/>
</kw>
<kw name="Select Sergio Perez">
<kw name="Wait until element is located" library="Generic">
<arg>${navigation_arrow}</arg>
<kw name="Wait Until Element Is Visible" library="SeleniumLibrary">
<arg>${page_locator}</arg>
<arg>timeout=10s</arg>
<doc>Waits until the element ``locator`` is visible.</doc>
<status status="PASS" starttime="20230119 11:46:50.303" endtime="20230119 11:46:50.325"/>
</kw>
<status status="PASS" starttime="20230119 11:46:50.303" endtime="20230119 11:46:50.326"/>
</kw>
<kw name="Click Element" library="SeleniumLibrary">
<arg>${navigation_arrow}</arg>
<doc>Click the element identified by ``locator``.</doc>
<msg timestamp="20230119 11:46:50.326" level="INFO">Clicking element 'xpath=//div[@id='rbr-drivers-panel']//div[@class='track_controls']//button[1]'.</msg>
<status status="PASS" starttime="20230119 11:46:50.326" endtime="20230119 11:46:50.755"/>
</kw>
<kw name="Wait until element is located" library="Generic">
<arg>${driver_image}</arg>
<kw name="Wait Until Element Is Visible" library="SeleniumLibrary">
<arg>${page_locator}</arg>
<arg>timeout=10s</arg>
<doc>Waits until the element ``locator`` is visible.</doc>
<status status="PASS" starttime="20230119 11:46:50.755" endtime="20230119 11:46:52.077"/>
</kw>
<status status="PASS" starttime="20230119 11:46:50.755" endtime="20230119 11:46:52.077"/>
</kw>
<kw name="Click Element" library="SeleniumLibrary">
<arg>xpath=//div[@class='glide__slide hero-slide glide__slide--active']//span[@class='button__label'][normalize-space()='View profile']</arg>
<doc>Click the element identified by ``locator``.</doc>
<msg timestamp="20230119 11:46:52.078" level="INFO">Clicking element 'xpath=//div[@class='glide__slide hero-slide glide__slide--active']//span[@class='button__label'][normalize-space()='View profile']'.</msg>
<status status="PASS" starttime="20230119 11:46:52.078" endtime="20230119 11:46:54.401"/>
</kw>
<status status="PASS" starttime="20230119 11:46:50.302" endtime="20230119 11:46:54.402"/>
</kw>
<kw name="Check that Sergio info is correct">
<kw name="Page Should Contain" library="SeleniumLibrary">
<arg>Mexico</arg>
<doc>Verifies that current page contains ``text``.</doc>
<msg timestamp="20230119 11:46:54.421" level="INFO">Current page contains text 'Mexico'.</msg>
<status status="PASS" starttime="20230119 11:46:54.402" endtime="20230119 11:46:54.421"/>
</kw>
<kw name="Wait Until Keyword Succeeds" library="BuiltIn">
<arg>15x</arg>
<arg>1s</arg>
<arg>Page Should Contain</arg>
<arg>Mexico</arg>
<doc>Runs the specified keyword and retries if it fails.</doc>
<kw name="Page Should Contain" library="SeleniumLibrary">
<arg>Mexico</arg>
<doc>Verifies that current page contains ``text``.</doc>
<msg timestamp="20230119 11:46:54.435" level="INFO">Current page contains text 'Mexico'.</msg>
<status status="PASS" starttime="20230119 11:46:54.422" endtime="20230119 11:46:54.435"/>
</kw>
<status status="PASS" starttime="20230119 11:46:54.421" endtime="20230119 11:46:54.435"/>
</kw>
<kw name="Wait until element is located" library="Generic">
<arg>${read_more}</arg>
<kw name="Wait Until Element Is Visible" library="SeleniumLibrary">
<arg>${page_locator}</arg>
<arg>timeout=10s</arg>
<doc>Waits until the element ``locator`` is visible.</doc>
<status status="PASS" starttime="20230119 11:46:54.435" endtime="20230119 11:46:54.449"/>
</kw>
<status status="PASS" starttime="20230119 11:46:54.435" endtime="20230119 11:46:54.449"/>
</kw>
<kw name="Click Element" library="SeleniumLibrary">
<arg>${read_more}</arg>
<doc>Click the element identified by ``locator``.</doc>
<msg timestamp="20230119 11:46:54.449" level="INFO">Clicking element 'xpath=//div[@class='description-text__read-more']//button[@class='button button--clickable']'.</msg>
<status status="PASS" starttime="20230119 11:46:54.449" endtime="20230119 11:46:54.479"/>
</kw>
<kw name="Page Should Contain" library="SeleniumLibrary">
<arg>Force India/Racing Point</arg>
<doc>Verifies that current page contains ``text``.</doc>
<msg timestamp="20230119 11:46:54.497" level="INFO">Current page contains text 'Force India/Racing Point'.</msg>
<status status="PASS" starttime="20230119 11:46:54.479" endtime="20230119 11:46:54.497"/>
</kw>
<kw name="Click Element" library="SeleniumLibrary">
<arg>${view_more}</arg>
<doc>Click the element identified by ``locator``.</doc>
<msg timestamp="20230119 11:46:54.498" level="INFO">Clicking element 'xpath=//button[@class='button button--clickable']'.</msg>
<status status="PASS" starttime="20230119 11:46:54.497" endtime="20230119 11:46:54.545"/>
</kw>
<kw name="Page Should Contain" library="SeleniumLibrary">
<arg>Wins the Sakhir Grand Prix</arg>
<doc>Verifies that current page contains ``text``.</doc>
<msg timestamp="20230119 11:46:54.581" level="INFO">Current page contains text 'Wins the Sakhir Grand Prix'.</msg>
<status status="PASS" starttime="20230119 11:46:54.545" endtime="20230119 11:46:54.581"/>
</kw>
<kw name="Click Element" library="SeleniumLibrary">
<arg>${view_more}</arg>
<doc>Click the element identified by ``locator``.</doc>
<msg timestamp="20230119 11:46:54.581" level="INFO">Clicking element 'xpath=//button[@class='button button--clickable']'.</msg>
<status status="PASS" starttime="20230119 11:46:54.581" endtime="20230119 11:46:54.607"/>
</kw>
<status status="PASS" starttime="20230119 11:46:54.402" endtime="20230119 11:46:54.607"/>
</kw>
<kw name="Close Browser" library="Generic" type="TEARDOWN">
<kw name="Close All Browsers" library="SeleniumLibrary">
<doc>Closes all open browsers and resets the browser cache.</doc>
<status status="PASS" starttime="20230119 11:46:54.608" endtime="20230119 11:47:00.804"/>
</kw>
<status status="PASS" starttime="20230119 11:46:54.608" endtime="20230119 11:47:00.804"/>
</kw>
<tag>Primary</tag>
<status status="PASS" starttime="20230119 11:46:46.819" endtime="20230119 11:47:00.804"/>
</test>
<test id="s1-s1-t3" name="Check that car info is correct" line="32">
<kw name="Open Browser and accept cookies" library="Generic" type="SETUP">
<kw name="Create Webdriver" library="SeleniumLibrary">
<arg>${BROWSER}</arg>
<arg>executable_path=/resources/${BROWSER}</arg>
<doc>Creates an instance of Selenium WebDriver.</doc>
<msg timestamp="20230119 11:47:00.806" level="INFO">Creating an instance of the Chrome WebDriver.</msg>
<status status="PASS" starttime="20230119 11:47:00.806" endtime="20230119 11:47:02.010"/>
</kw>
<kw name="Maximize Browser Window" library="SeleniumLibrary">
<doc>Maximizes current browser window.</doc>
<status status="PASS" starttime="20230119 11:47:02.010" endtime="20230119 11:47:02.127"/>
</kw>
<kw name="Go To" library="SeleniumLibrary">
<arg>${URL}</arg>
<doc>Navigates the current browser window to the provided ``url``.</doc>
<msg timestamp="20230119 11:47:02.127" level="INFO">Opening url 'https://www.redbullracing.com/int-en'</msg>
<status status="PASS" starttime="20230119 11:47:02.127" endtime="20230119 11:47:04.231"/>
</kw>
<kw name="Accept cookies" library="Generic">
<kw name="Wait until element is located" library="Generic">
<arg>id=onetrust-accept-btn-handler</arg>
<kw name="Wait Until Element Is Visible" library="SeleniumLibrary">
<arg>${page_locator}</arg>
<arg>timeout=10s</arg>
<doc>Waits until the element ``locator`` is visible.</doc>
<status status="PASS" starttime="20230119 11:47:04.232" endtime="20230119 11:47:04.251"/>
</kw>
<status status="PASS" starttime="20230119 11:47:04.232" endtime="20230119 11:47:04.251"/>
</kw>
<kw name="Click Element" library="SeleniumLibrary">
<arg>id=onetrust-accept-btn-handler</arg>
<doc>Click the element identified by ``locator``.</doc>
<msg timestamp="20230119 11:47:04.251" level="INFO">Clicking element 'id=onetrust-accept-btn-handler'.</msg>
<status status="PASS" starttime="20230119 11:47:04.251" endtime="20230119 11:47:04.290"/>
</kw>
<status status="PASS" starttime="20230119 11:47:04.231" endtime="20230119 11:47:04.291"/>
</kw>
<status status="PASS" starttime="20230119 11:47:00.806" endtime="20230119 11:47:04.291"/>
</kw>
<kw name="Select the car">
<kw name="Wait until element is located" library="Generic">
<arg>${specs_button}</arg>
<kw name="Wait Until Element Is Visible" library="SeleniumLibrary">
<arg>${page_locator}</arg>
<arg>timeout=10s</arg>
<doc>Waits until the element ``locator`` is visible.</doc>
<status status="PASS" starttime="20230119 11:47:04.291" endtime="20230119 11:47:04.315"/>
</kw>
<status status="PASS" starttime="20230119 11:47:04.291" endtime="20230119 11:47:04.315"/>
</kw>
<kw name="Click Element" library="SeleniumLibrary">
<arg>${specs_button}</arg>
<doc>Click the element identified by ``locator``.</doc>
<msg timestamp="20230119 11:47:04.316" level="INFO">Clicking element 'xpath=//span[normalize-space()='View Specs']'.</msg>
<status status="PASS" starttime="20230119 11:47:04.315" endtime="20230119 11:47:07.613"/>
</kw>
<status status="PASS" starttime="20230119 11:47:04.291" endtime="20230119 11:47:07.613"/>
</kw>
<kw name="Check that car info is correct">
<kw name="Page Should Contain" library="SeleniumLibrary">
<arg>696</arg>
<doc>Verifies that current page contains ``text``.</doc>
<msg timestamp="20230119 11:47:07.634" level="INFO">Current page contains text '696'.</msg>
<status status="PASS" starttime="20230119 11:47:07.613" endtime="20230119 11:47:07.634"/>
</kw>
<kw name="Wait Until Keyword Succeeds" library="BuiltIn">
<arg>10x</arg>
<arg>1s</arg>
<arg>Page Should Contain</arg>
<arg>696</arg>
<doc>Runs the specified keyword and retries if it fails.</doc>
<kw name="Page Should Contain" library="SeleniumLibrary">
<arg>696</arg>
<doc>Verifies that current page contains ``text``.</doc>
<msg timestamp="20230119 11:47:07.651" level="INFO">Current page contains text '696'.</msg>
<status status="PASS" starttime="20230119 11:47:07.635" endtime="20230119 11:47:07.651"/>
</kw>
<status status="PASS" starttime="20230119 11:47:07.634" endtime="20230119 11:47:07.651"/>
</kw>
<kw name="Wait until element is located" library="Generic">
<arg>${info_pin}[1]</arg>
<kw name="Wait Until Element Is Visible" library="SeleniumLibrary">
<arg>${page_locator}</arg>
<arg>timeout=10s</arg>
<doc>Waits until the element ``locator`` is visible.</doc>
<status status="PASS" starttime="20230119 11:47:07.652" endtime="20230119 11:47:07.665"/>
</kw>
<status status="PASS" starttime="20230119 11:47:07.651" endtime="20230119 11:47:07.665"/>
</kw>
<kw name="Mouse Over" library="SeleniumLibrary">
<arg>${info_pin}[0]</arg>
<doc>Simulates hovering the mouse over the element ``locator``.</doc>
<msg timestamp="20230119 11:47:07.666" level="INFO">Simulating Mouse Over on element 'xpath=//div[@id='pin-1']'.</msg>
<status status="PASS" starttime="20230119 11:47:07.665" endtime="20230119 11:47:07.941"/>
</kw>
<kw name="Page Should Contain" library="SeleniumLibrary">
<arg>A four-element wing</arg>
<doc>Verifies that current page contains ``text``.</doc>
<msg timestamp="20230119 11:47:07.965" level="INFO">Current page contains text 'A four-element wing'.</msg>
<status status="PASS" starttime="20230119 11:47:07.941" endtime="20230119 11:47:07.965"/>
</kw>
<kw name="Mouse Over" library="SeleniumLibrary">
<arg>${info_pin}[1]</arg>
<doc>Simulates hovering the mouse over the element ``locator``.</doc>
<msg timestamp="20230119 11:47:07.966" level="INFO">Simulating Mouse Over on element 'xpath=//div[@id='pin-2']'.</msg>
<status status="PASS" starttime="20230119 11:47:07.965" endtime="20230119 11:47:08.237"/>
</kw>
<kw name="Page Should Contain" library="SeleniumLibrary">
<arg>The rear wing is also vastly different to previous generations</arg>
<doc>Verifies that current page contains ``text``.</doc>
<msg timestamp="20230119 11:47:08.258" level="INFO">Current page contains text 'The rear wing is also vastly different to previous generations'.</msg>
<status status="PASS" starttime="20230119 11:47:08.237" endtime="20230119 11:47:08.258"/>
</kw>
<kw name="Mouse Over" library="SeleniumLibrary">
<arg>${info_pin}[2]</arg>
<doc>Simulates hovering the mouse over the element ``locator``.</doc>
<msg timestamp="20230119 11:47:08.258" level="INFO">Simulating Mouse Over on element 'xpath=//div[@id='pin-3']'.</msg>
<status status="PASS" starttime="20230119 11:47:08.258" endtime="20230119 11:47:08.531"/>
</kw>
<kw name="Page Should Contain" library="SeleniumLibrary">
<arg>After more than half a century of 13-inch tyres</arg>
<doc>Verifies that current page contains ``text``.</doc>
<msg timestamp="20230119 11:47:08.551" level="INFO">Current page contains text 'After more than half a century of 13-inch tyres'.</msg>
<status status="PASS" starttime="20230119 11:47:08.531" endtime="20230119 11:47:08.551"/>
</kw>
<kw name="Mouse Over" library="SeleniumLibrary">
<arg>${info_pin}[3]</arg>
<doc>Simulates hovering the mouse over the element ``locator``.</doc>
<msg timestamp="20230119 11:47:08.552" level="INFO">Simulating Mouse Over on element 'xpath=//div[@id='pin-4']'.</msg>
<status status="PASS" starttime="20230119 11:47:08.552" endtime="20230119 11:47:08.825"/>
</kw>
<kw name="Page Should Contain" library="SeleniumLibrary">
<arg>A major area of aero development for teams in recent years has been using airflow through the wheels to generate downforce</arg>
<doc>Verifies that current page contains ``text``.</doc>
<msg timestamp="20230119 11:47:08.844" level="INFO">Current page contains text 'A major area of aero development for teams in recent years has been using airflow through the wheels to generate downforce'.</msg>
<status status="PASS" starttime="20230119 11:47:08.825" endtime="20230119 11:47:08.845"/>
</kw>
<status status="PASS" starttime="20230119 11:47:07.613" endtime="20230119 11:47:08.845"/>
</kw>
<kw name="Verify technical specs">
<kw name="Create List" library="BuiltIn">
<var>@{expected_specs}</var>
<arg>6</arg>
<arg>4 per cylinder</arg>
<arg>Mobil 1</arg>
<arg>1,600cc</arg>
<arg>90-degrees</arg>
<arg>150kg</arg>
<arg>15,000RPM</arg>
<arg>900HP</arg>
<doc>Returns a list containing given items.</doc>
<msg timestamp="20230119 11:47:08.846" level="INFO">@{expected_specs} = [ 6 | 4 per cylinder | Mobil 1 | 1,600cc | 90-degrees | 150kg | 15,000RPM | 900HP ]</msg>
<status status="PASS" starttime="20230119 11:47:08.845" endtime="20230119 11:47:08.846"/>
</kw>
<kw name="Get WebElements" library="SeleniumLibrary">
<var>${specs}</var>
<arg>css:span.title-bold</arg>
<doc>Returns a list of WebElement objects matching the ``locator``.</doc>
<msg timestamp="20230119 11:47:08.853" level="INFO">${specs} = [&lt;selenium.webdriver.remote.webelement.WebElement (session="72f77eb10ed6ca2ab2f9fa0fb85f979f", element="617b321f-88c2-44ed-8a5b-4fe0b3170d0d")&gt;, &lt;selenium.webdriver.remote.webelement.WebElement (sessi...</msg>
<status status="PASS" starttime="20230119 11:47:08.846" endtime="20230119 11:47:08.853"/>
</kw>
<kw name="Create List" library="BuiltIn">
<var>@{actual_specs}</var>
<doc>Returns a list containing given items.</doc>
<msg timestamp="20230119 11:47:08.854" level="INFO">@{actual_specs} = [ ]</msg>
<status status="PASS" starttime="20230119 11:47:08.853" endtime="20230119 11:47:08.854"/>
</kw>
<for flavor="IN">
<var>${spec}</var>
<value>@{specs}</value>
<iter>
<var name="${spec}">&lt;selenium.webdriver.remote.webelement.WebElement (session="72f77eb10ed6ca2ab2f9fa0fb85f979f", element="617b321f-88c2-44ed-8a5b-4fe0b3170d0d")&gt;</var>
<kw name="Log" library="BuiltIn">
<arg>${spec.text}</arg>
<doc>Logs the given message with the given level.</doc>
<msg timestamp="20230119 11:47:08.863" level="INFO">6</msg>
<status status="PASS" starttime="20230119 11:47:08.854" endtime="20230119 11:47:08.863"/>
</kw>
<kw name="Append To List" library="Collections">
<arg>${actual_specs}</arg>
<arg>${spec.text}</arg>
<doc>Adds ``values`` to the end of ``list``.</doc>
<status status="PASS" starttime="20230119 11:47:08.863" endtime="20230119 11:47:08.868"/>
</kw>
<status status="PASS" starttime="20230119 11:47:08.854" endtime="20230119 11:47:08.868"/>
</iter>
<iter>
<var name="${spec}">&lt;selenium.webdriver.remote.webelement.WebElement (session="72f77eb10ed6ca2ab2f9fa0fb85f979f", element="71530f1a-817e-4338-a0e8-4410b9288864")&gt;</var>
<kw name="Log" library="BuiltIn">
<arg>${spec.text}</arg>
<doc>Logs the given message with the given level.</doc>
<msg timestamp="20230119 11:47:08.877" level="INFO">4 per cylinder</msg>
<status status="PASS" starttime="20230119 11:47:08.868" endtime="20230119 11:47:08.877"/>
</kw>
<kw name="Append To List" library="Collections">
<arg>${actual_specs}</arg>
<arg>${spec.text}</arg>
<doc>Adds ``values`` to the end of ``list``.</doc>
<status status="PASS" starttime="20230119 11:47:08.877" endtime="20230119 11:47:08.882"/>
</kw>
<status status="PASS" starttime="20230119 11:47:08.868" endtime="20230119 11:47:08.882"/>
</iter>
<iter>
<var name="${spec}">&lt;selenium.webdriver.remote.webelement.WebElement (session="72f77eb10ed6ca2ab2f9fa0fb85f979f", element="6d3118c5-1c03-4f14-9578-b845722ea8bd")&gt;</var>
<kw name="Log" library="BuiltIn">
<arg>${spec.text}</arg>
<doc>Logs the given message with the given level.</doc>
<msg timestamp="20230119 11:47:08.891" level="INFO">Mobil 1</msg>
<status status="PASS" starttime="20230119 11:47:08.882" endtime="20230119 11:47:08.891"/>
</kw>
<kw name="Append To List" library="Collections">
<arg>${actual_specs}</arg>
<arg>${spec.text}</arg>
<doc>Adds ``values`` to the end of ``list``.</doc>
<status status="PASS" starttime="20230119 11:47:08.891" endtime="20230119 11:47:08.896"/>
</kw>
<status status="PASS" starttime="20230119 11:47:08.882" endtime="20230119 11:47:08.896"/>
</iter>
<iter>
<var name="${spec}">&lt;selenium.webdriver.remote.webelement.WebElement (session="72f77eb10ed6ca2ab2f9fa0fb85f979f", element="c4b8c98f-6f13-48ef-9869-e3aefa4a6ffe")&gt;</var>
<kw name="Log" library="BuiltIn">
<arg>${spec.text}</arg>
<doc>Logs the given message with the given level.</doc>
<msg timestamp="20230119 11:47:08.904" level="INFO">1,600cc</msg>
<status status="PASS" starttime="20230119 11:47:08.896" endtime="20230119 11:47:08.904"/>
</kw>
<kw name="Append To List" library="Collections">
<arg>${actual_specs}</arg>
<arg>${spec.text}</arg>
<doc>Adds ``values`` to the end of ``list``.</doc>
<status status="PASS" starttime="20230119 11:47:08.904" endtime="20230119 11:47:08.910"/>
</kw>
<status status="PASS" starttime="20230119 11:47:08.896" endtime="20230119 11:47:08.910"/>
</iter>
<iter>
<var name="${spec}">&lt;selenium.webdriver.remote.webelement.WebElement (session="72f77eb10ed6ca2ab2f9fa0fb85f979f", element="1117bda3-db73-4ca1-80bd-b0ee989adcf1")&gt;</var>
<kw name="Log" library="BuiltIn">
<arg>${spec.text}</arg>
<doc>Logs the given message with the given level.</doc>
<msg timestamp="20230119 11:47:08.919" level="INFO">90-degrees</msg>
<status status="PASS" starttime="20230119 11:47:08.910" endtime="20230119 11:47:08.919"/>
</kw>
<kw name="Append To List" library="Collections">
<arg>${actual_specs}</arg>
<arg>${spec.text}</arg>
<doc>Adds ``values`` to the end of ``list``.</doc>
<status status="PASS" starttime="20230119 11:47:08.919" endtime="20230119 11:47:08.924"/>
</kw>
<status status="PASS" starttime="20230119 11:47:08.910" endtime="20230119 11:47:08.924"/>
</iter>
<iter>
<var name="${spec}">&lt;selenium.webdriver.remote.webelement.WebElement (session="72f77eb10ed6ca2ab2f9fa0fb85f979f", element="5c8a7a0f-bda1-403a-a24f-df96c9305d41")&gt;</var>
<kw name="Log" library="BuiltIn">
<arg>${spec.text}</arg>
<doc>Logs the given message with the given level.</doc>
<msg timestamp="20230119 11:47:08.933" level="INFO">150kg</msg>
<status status="PASS" starttime="20230119 11:47:08.924" endtime="20230119 11:47:08.933"/>
</kw>
<kw name="Append To List" library="Collections">
<arg>${actual_specs}</arg>
<arg>${spec.text}</arg>
<doc>Adds ``values`` to the end of ``list``.</doc>
<status status="PASS" starttime="20230119 11:47:08.933" endtime="20230119 11:47:08.938"/>
</kw>
<status status="PASS" starttime="20230119 11:47:08.924" endtime="20230119 11:47:08.938"/>
</iter>
<iter>
<var name="${spec}">&lt;selenium.webdriver.remote.webelement.WebElement (session="72f77eb10ed6ca2ab2f9fa0fb85f979f", element="c0ec37a5-e822-46a6-a7ac-465fc3a8bd08")&gt;</var>
<kw name="Log" library="BuiltIn">
<arg>${spec.text}</arg>
<doc>Logs the given message with the given level.</doc>
<msg timestamp="20230119 11:47:08.947" level="INFO">15,000RPM</msg>
<status status="PASS" starttime="20230119 11:47:08.938" endtime="20230119 11:47:08.947"/>
</kw>
<kw name="Append To List" library="Collections">
<arg>${actual_specs}</arg>
<arg>${spec.text}</arg>
<doc>Adds ``values`` to the end of ``list``.</doc>
<status status="PASS" starttime="20230119 11:47:08.947" endtime="20230119 11:47:08.952"/>
</kw>
<status status="PASS" starttime="20230119 11:47:08.938" endtime="20230119 11:47:08.952"/>
</iter>
<iter>
<var name="${spec}">&lt;selenium.webdriver.remote.webelement.WebElement (session="72f77eb10ed6ca2ab2f9fa0fb85f979f", element="45a601e7-ae96-41c7-af0f-68df059aed76")&gt;</var>
<kw name="Log" library="BuiltIn">
<arg>${spec.text}</arg>
<doc>Logs the given message with the given level.</doc>
<msg timestamp="20230119 11:47:08.960" level="INFO">900HP</msg>
<status status="PASS" starttime="20230119 11:47:08.952" endtime="20230119 11:47:08.960"/>
</kw>
<kw name="Append To List" library="Collections">
<arg>${actual_specs}</arg>
<arg>${spec.text}</arg>
<doc>Adds ``values`` to the end of ``list``.</doc>
<status status="PASS" starttime="20230119 11:47:08.960" endtime="20230119 11:47:08.965"/>
</kw>
<status status="PASS" starttime="20230119 11:47:08.952" endtime="20230119 11:47:08.965"/>
</iter>
<status status="PASS" starttime="20230119 11:47:08.854" endtime="20230119 11:47:08.965"/>
</for>
<kw name="Lists Should Be Equal" library="Collections">
<arg>${expected_specs}</arg>
<arg>${actual_specs}</arg>
<doc>Fails if given lists are unequal.</doc>
<status status="PASS" starttime="20230119 11:47:08.966" endtime="20230119 11:47:08.966"/>
</kw>
<kw name="Log" library="BuiltIn">
<arg>${actual_specs}</arg>
<doc>Logs the given message with the given level.</doc>
<msg timestamp="20230119 11:47:08.966" level="INFO">['6', '4 per cylinder', 'Mobil 1', '1,600cc', '90-degrees', '150kg', '15,000RPM', '900HP']</msg>
<status status="PASS" starttime="20230119 11:47:08.966" endtime="20230119 11:47:08.966"/>
</kw>
<kw name="Log" library="BuiltIn">
<arg>${expected_specs}</arg>
<doc>Logs the given message with the given level.</doc>
<msg timestamp="20230119 11:47:08.966" level="INFO">['6', '4 per cylinder', 'Mobil 1', '1,600cc', '90-degrees', '150kg', '15,000RPM', '900HP']</msg>
<status status="PASS" starttime="20230119 11:47:08.966" endtime="20230119 11:47:08.966"/>
</kw>
<status status="PASS" starttime="20230119 11:47:08.845" endtime="20230119 11:47:08.966"/>
</kw>
<kw name="Close Browser" library="Generic" type="TEARDOWN">
<kw name="Close All Browsers" library="SeleniumLibrary">
<doc>Closes all open browsers and resets the browser cache.</doc>
<status status="PASS" starttime="20230119 11:47:08.967" endtime="20230119 11:47:11.062"/>
</kw>
<status status="PASS" starttime="20230119 11:47:08.966" endtime="20230119 11:47:11.062"/>
</kw>
<tag>Primary</tag>
<status status="PASS" starttime="20230119 11:47:00.806" endtime="20230119 11:47:11.063"/>
</test>
<doc>This file contains the keywords and tests pertaining to the drivers page.</doc>
<status status="PASS" starttime="20230119 11:46:33.803" endtime="20230119 11:47:11.064"/>
</suite>
<suite id="s1-s2" name="EsportsPage" source="C:\Users\Jyri\Documents\GitHub\RBR_UI_Tests\tests\EsportsPage.robot">
<test id="s1-s2-t1" name="Check the functionality of the navbar" line="31">
<kw name="Open Browser and accept cookies" library="Generic" type="SETUP">
<kw name="Create Webdriver" library="SeleniumLibrary">
<arg>${BROWSER}</arg>
<arg>executable_path=/resources/${BROWSER}</arg>
<doc>Creates an instance of Selenium WebDriver.</doc>
<msg timestamp="20230119 11:47:11.070" level="INFO">Creating an instance of the Chrome WebDriver.</msg>
<status status="PASS" starttime="20230119 11:47:11.069" endtime="20230119 11:47:12.281"/>
</kw>
<kw name="Maximize Browser Window" library="SeleniumLibrary">
<doc>Maximizes current browser window.</doc>
<status status="PASS" starttime="20230119 11:47:12.281" endtime="20230119 11:47:12.397"/>
</kw>
<kw name="Go To" library="SeleniumLibrary">
<arg>${URL}</arg>
<doc>Navigates the current browser window to the provided ``url``.</doc>
<msg timestamp="20230119 11:47:12.399" level="INFO">Opening url 'https://www.redbullracing.com/int-en'</msg>
<status status="PASS" starttime="20230119 11:47:12.397" endtime="20230119 11:47:14.650"/>
</kw>
<kw name="Accept cookies" library="Generic">
<kw name="Wait until element is located" library="Generic">
<arg>id=onetrust-accept-btn-handler</arg>
<kw name="Wait Until Element Is Visible" library="SeleniumLibrary">
<arg>${page_locator}</arg>
<arg>timeout=10s</arg>
<doc>Waits until the element ``locator`` is visible.</doc>
<status status="PASS" starttime="20230119 11:47:14.651" endtime="20230119 11:47:14.667"/>
</kw>
<status status="PASS" starttime="20230119 11:47:14.651" endtime="20230119 11:47:14.667"/>
</kw>
<kw name="Click Element" library="SeleniumLibrary">
<arg>id=onetrust-accept-btn-handler</arg>
<doc>Click the element identified by ``locator``.</doc>
<msg timestamp="20230119 11:47:14.668" level="INFO">Clicking element 'id=onetrust-accept-btn-handler'.</msg>
<status status="PASS" starttime="20230119 11:47:14.667" endtime="20230119 11:47:14.701"/>
</kw>
<status status="PASS" starttime="20230119 11:47:14.651" endtime="20230119 11:47:14.701"/>
</kw>
<status status="PASS" starttime="20230119 11:47:11.069" endtime="20230119 11:47:14.701"/>
</kw>
<kw name="Navigate to esports page" library="Generic">
<kw name="Click Element" library="SeleniumLibrary">
<arg>${esports_page}</arg>
<doc>Click the element identified by ``locator``.</doc>
<msg timestamp="20230119 11:47:14.702" level="INFO">Clicking element 'xpath=//div[normalize-space()='Esports']'.</msg>
<status status="PASS" starttime="20230119 11:47:14.702" endtime="20230119 11:47:15.746"/>
</kw>
<kw name="Title Should Be" library="SeleniumLibrary">
<arg>Oracle Red Bull Racing Esports</arg>
<doc>Verifies that the current page title equals ``title``.</doc>
<msg timestamp="20230119 11:47:15.750" level="INFO">Page title is 'Oracle Red Bull Racing Esports'.</msg>
<status status="PASS" starttime="20230119 11:47:15.746" endtime="20230119 11:47:15.750"/>
</kw>
<status status="PASS" starttime="20230119 11:47:14.702" endtime="20230119 11:47:15.750"/>
</kw>
<kw name="Check that all tabs work">
<kw name="Wait until element is located" library="Generic">
<arg>${tab_team}</arg>
<kw name="Wait Until Element Is Visible" library="SeleniumLibrary">
<arg>${page_locator}</arg>
<arg>timeout=10s</arg>
<doc>Waits until the element ``locator`` is visible.</doc>
<status status="PASS" starttime="20230119 11:47:15.751" endtime="20230119 11:47:15.770"/>
</kw>
<status status="PASS" starttime="20230119 11:47:15.751" endtime="20230119 11:47:15.770"/>
</kw>
<kw name="Click Element" library="SeleniumLibrary">
<arg>${tab_team}</arg>
<doc>Click the element identified by ``locator``.</doc>
<msg timestamp="20230119 11:47:15.771" level="INFO">Clicking element 'xpath=(//a[normalize-space()='Team'])[1]'.</msg>
<status status="PASS" starttime="20230119 11:47:15.770" endtime="20230119 11:47:16.112"/>
</kw>
<kw name="Page Should Contain" library="SeleniumLibrary">
<arg>Get to know more about our Esports drivers</arg>
<doc>Verifies that current page contains ``text``.</doc>
<msg timestamp="20230119 11:47:16.127" level="INFO">Current page contains text 'Get to know more about our Esports drivers'.</msg>
<status status="PASS" starttime="20230119 11:47:16.113" endtime="20230119 11:47:16.127"/>
</kw>
<kw name="Wait Until Keyword Succeeds" library="BuiltIn">
<arg>15x</arg>
<arg>1s</arg>
<arg>Page Should Contain</arg>
<arg>Get to know more about our Esports drivers</arg>
<doc>Runs the specified keyword and retries if it fails.</doc>
<kw name="Page Should Contain" library="SeleniumLibrary">
<arg>Get to know more about our Esports drivers</arg>
<doc>Verifies that current page contains ``text``.</doc>
<msg timestamp="20230119 11:47:16.142" level="INFO">Current page contains text 'Get to know more about our Esports drivers'.</msg>
<status status="PASS" starttime="20230119 11:47:16.127" endtime="20230119 11:47:16.142"/>
</kw>
<status status="PASS" starttime="20230119 11:47:16.127" endtime="20230119 11:47:16.142"/>
</kw>
<kw name="Wait until element is located" library="Generic">
<arg>${tab_races}</arg>
<kw name="Wait Until Element Is Visible" library="SeleniumLibrary">
<arg>${page_locator}</arg>
<arg>timeout=10s</arg>
<doc>Waits until the element ``locator`` is visible.</doc>
<status status="PASS" starttime="20230119 11:47:16.143" endtime="20230119 11:47:16.214"/>
</kw>
<status status="PASS" starttime="20230119 11:47:16.142" endtime="20230119 11:47:16.214"/>
</kw>
<kw name="Click Element" library="SeleniumLibrary">
<arg>${tab_races}</arg>
<doc>Click the element identified by ``locator``.</doc>
<msg timestamp="20230119 11:47:16.215" level="INFO">Clicking element 'css:a[href='/int-en/red-bull-racing-esports/race-schedule']'.</msg>
<status status="PASS" starttime="20230119 11:47:16.214" endtime="20230119 11:47:16.480"/>
</kw>
<kw name="Page Should Contain" library="SeleniumLibrary">
<arg>Keep up to date with the latest race schedule</arg>
<doc>Verifies that current page contains ``text``.</doc>
<msg timestamp="20230119 11:47:16.593" level="INFO" html="true">&lt;/td&gt;&lt;/tr&gt;&lt;tr&gt;&lt;td colspan="3"&gt;&lt;a href="selenium-screenshot-1.png"&gt;&lt;img src="selenium-screenshot-1.png" width="800px"&gt;&lt;/a&gt;</msg>
<msg timestamp="20230119 11:47:16.593" level="FAIL">Page should have contained text 'Keep up to date with the latest race schedule' but did not.</msg>
<status status="FAIL" starttime="20230119 11:47:16.481" endtime="20230119 11:47:16.594"/>
</kw>
<kw name="Wait Until Keyword Succeeds" library="BuiltIn">
<arg>15x</arg>
<arg>1s</arg>
<arg>Page Should Contain</arg>
<arg>Keep up to date with the latest race schedule</arg>
<doc>Runs the specified keyword and retries if it fails.</doc>
<status status="NOT RUN" starttime="20230119 11:47:16.594" endtime="20230119 11:47:16.594"/>
</kw>
<kw name="Wait until element is located" library="Generic">
<arg>${tab_partners}</arg>
<status status="NOT RUN" starttime="20230119 11:47:16.594" endtime="20230119 11:47:16.594"/>
</kw>
<kw name="Click Element" library="SeleniumLibrary">
<arg>${tab_partners}</arg>
<doc>Click the element identified by ``locator``.</doc>
<status status="NOT RUN" starttime="20230119 11:47:16.594" endtime="20230119 11:47:16.594"/>
</kw>
<kw name="Page Should Contain Element" library="SeleniumLibrary">
<arg>css:.description-text__summary__text</arg>
<doc>Verifies that element ``locator`` is found on the current page.</doc>
<status status="NOT RUN" starttime="20230119 11:47:16.595" endtime="20230119 11:47:16.595"/>
</kw>
<kw name="Wait Until Keyword Succeeds" library="BuiltIn">
<arg>15x</arg>
<arg>1s</arg>
<arg>Page Should Contain Element</arg>
<arg>css:.description-text__summary__text</arg>
<doc>Runs the specified keyword and retries if it fails.</doc>
<status status="NOT RUN" starttime="20230119 11:47:16.595" endtime="20230119 11:47:16.595"/>
</kw>
<kw name="Wait until element is located" library="Generic">
<arg>${tab_shop}</arg>
<status status="NOT RUN" starttime="20230119 11:47:16.595" endtime="20230119 11:47:16.595"/>
</kw>
<kw name="Click Element" library="SeleniumLibrary">
<arg>${tab_shop}</arg>
<doc>Click the element identified by ``locator``.</doc>
<status status="NOT RUN" starttime="20230119 11:47:16.595" endtime="20230119 11:47:16.595"/>
</kw>
<kw name="Wait until element is located" library="Generic">
<arg>${shop_item}</arg>
<status status="NOT RUN" starttime="20230119 11:47:16.595" endtime="20230119 11:47:16.595"/>
</kw>
<status status="FAIL" starttime="20230119 11:47:15.751" endtime="20230119 11:47:16.595"/>
</kw>
<kw name="Close Browser" library="Generic" type="TEARDOWN">
<kw name="Close All Browsers" library="SeleniumLibrary">
<doc>Closes all open browsers and resets the browser cache.</doc>
<status status="PASS" starttime="20230119 11:47:16.596" endtime="20230119 11:47:22.803"/>
</kw>
<status status="PASS" starttime="20230119 11:47:16.596" endtime="20230119 11:47:22.803"/>
</kw>
<tag>Primary</tag>
<status status="FAIL" starttime="20230119 11:47:11.069" endtime="20230119 11:47:22.803">Page should have contained text 'Keep up to date with the latest race schedule' but did not.</status>
</test>
<test id="s1-s2-t2" name="Check the functionality of the newsletter" line="36">
<kw name="Open Browser and accept cookies" library="Generic" type="SETUP">
<kw name="Create Webdriver" library="SeleniumLibrary">
<arg>${BROWSER}</arg>
<arg>executable_path=/resources/${BROWSER}</arg>
<doc>Creates an instance of Selenium WebDriver.</doc>
<msg timestamp="20230119 11:47:22.806" level="INFO">Creating an instance of the Chrome WebDriver.</msg>
<status status="PASS" starttime="20230119 11:47:22.805" endtime="20230119 11:47:24.005"/>
</kw>
<kw name="Maximize Browser Window" library="SeleniumLibrary">
<doc>Maximizes current browser window.</doc>
<status status="PASS" starttime="20230119 11:47:24.005" endtime="20230119 11:47:24.123"/>
</kw>
<kw name="Go To" library="SeleniumLibrary">
<arg>${URL}</arg>
<doc>Navigates the current browser window to the provided ``url``.</doc>
<msg timestamp="20230119 11:47:24.124" level="INFO">Opening url 'https://www.redbullracing.com/int-en'</msg>
<status status="PASS" starttime="20230119 11:47:24.124" endtime="20230119 11:47:26.308"/>
</kw>
<kw name="Accept cookies" library="Generic">
<kw name="Wait until element is located" library="Generic">
<arg>id=onetrust-accept-btn-handler</arg>
<kw name="Wait Until Element Is Visible" library="SeleniumLibrary">
<arg>${page_locator}</arg>
<arg>timeout=10s</arg>
<doc>Waits until the element ``locator`` is visible.</doc>
<status status="PASS" starttime="20230119 11:47:26.308" endtime="20230119 11:47:26.325"/>
</kw>
<status status="PASS" starttime="20230119 11:47:26.308" endtime="20230119 11:47:26.325"/>
</kw>
<kw name="Click Element" library="SeleniumLibrary">
<arg>id=onetrust-accept-btn-handler</arg>
<doc>Click the element identified by ``locator``.</doc>
<msg timestamp="20230119 11:47:26.326" level="INFO">Clicking element 'id=onetrust-accept-btn-handler'.</msg>
<status status="PASS" starttime="20230119 11:47:26.325" endtime="20230119 11:47:26.361"/>
</kw>
<status status="PASS" starttime="20230119 11:47:26.308" endtime="20230119 11:47:26.361"/>
</kw>
<status status="PASS" starttime="20230119 11:47:22.805" endtime="20230119 11:47:26.361"/>
</kw>
<kw name="Navigate to esports page" library="Generic">
<kw name="Click Element" library="SeleniumLibrary">
<arg>${esports_page}</arg>
<doc>Click the element identified by ``locator``.</doc>
<msg timestamp="20230119 11:47:26.362" level="INFO">Clicking element 'xpath=//div[normalize-space()='Esports']'.</msg>
<status status="PASS" starttime="20230119 11:47:26.362" endtime="20230119 11:47:27.490"/>
</kw>
<kw name="Title Should Be" library="SeleniumLibrary">
<arg>Oracle Red Bull Racing Esports</arg>
<doc>Verifies that the current page title equals ``title``.</doc>
<msg timestamp="20230119 11:47:27.494" level="INFO">Page title is 'Oracle Red Bull Racing Esports'.</msg>
<status status="PASS" starttime="20230119 11:47:27.490" endtime="20230119 11:47:27.494"/>
</kw>
<status status="PASS" starttime="20230119 11:47:26.362" endtime="20230119 11:47:27.494"/>
</kw>
<kw name="Sign up for the free Newsletter">
<arg>${EMAIL_TEST}</arg>
<kw name="Wait until element is located" library="Generic">
<arg>${newsletter_container}</arg>
<kw name="Wait Until Element Is Visible" library="SeleniumLibrary">
<arg>${page_locator}</arg>
<arg>timeout=10s</arg>
<doc>Waits until the element ``locator`` is visible.</doc>
<status status="PASS" starttime="20230119 11:47:27.495" endtime="20230119 11:47:27.509"/>
</kw>
<status status="PASS" starttime="20230119 11:47:27.495" endtime="20230119 11:47:27.510"/>
</kw>
<kw name="Input Text" library="SeleniumLibrary">
<arg>${email_field}</arg>
<arg>${email}</arg>
<doc>Types the given ``text`` into the text field identified by ``locator``.</doc>
<msg timestamp="20230119 11:47:27.510" level="INFO">Typing text 'godakal422@tingn.com' into text field 'xpath=//input[@placeholder='Your email:']'.</msg>
<status status="PASS" starttime="20230119 11:47:27.510" endtime="20230119 11:47:27.574"/>
</kw>
<kw name="Click Element" library="SeleniumLibrary">
<arg>${checkbox}[0]</arg>
<doc>Click the element identified by ``locator``.</doc>
<msg timestamp="20230119 11:47:27.575" level="INFO">Clicking element '//div[@class='rbr-lite-account-presignup false']//div[1]//div[1]'.</msg>
<status status="PASS" starttime="20230119 11:47:27.575" endtime="20230119 11:47:27.844"/>
</kw>
<kw name="Click Element" library="SeleniumLibrary">
<arg>${checkbox}[1]</arg>
<doc>Click the element identified by ``locator``.</doc>
<msg timestamp="20230119 11:47:27.845" level="INFO">Clicking element '//div[@class='rbr-lite-account-presignup false']//div[2]//div[1]'.</msg>
<status status="PASS" starttime="20230119 11:47:27.845" endtime="20230119 11:47:27.891"/>
</kw>
<kw name="Wait Until Element Is Enabled" library="SeleniumLibrary">
<arg>${submit_button}</arg>
<doc>Waits until the element ``locator`` is enabled.</doc>
<status status="PASS" starttime="20230119 11:47:27.892" endtime="20230119 11:47:27.918"/>
</kw>
<kw name="Click Button" library="SeleniumLibrary">
<arg>${submit_button}</arg>
<doc>Clicks the button identified by ``locator``.</doc>
<msg timestamp="20230119 11:47:27.918" level="INFO">Clicking button 'xpath=//button[normalize-space()='Submit']'.</msg>
<status status="PASS" starttime="20230119 11:47:27.918" endtime="20230119 11:47:27.961"/>
</kw>
<kw name="Wait until element is located" library="Generic">
<arg>${confirm_message}</arg>
<kw name="Wait Until Element Is Visible" library="SeleniumLibrary">
<arg>${page_locator}</arg>
<arg>timeout=10s</arg>
<doc>Waits until the element ``locator`` is visible.</doc>
<status status="PASS" starttime="20230119 11:47:27.962" endtime="20230119 11:47:28.633"/>
</kw>
<status status="PASS" starttime="20230119 11:47:27.961" endtime="20230119 11:47:28.633"/>
</kw>
<status status="PASS" starttime="20230119 11:47:27.494" endtime="20230119 11:47:28.633"/>
</kw>
<kw name="Close Browser" library="Generic" type="TEARDOWN">
<kw name="Close All Browsers" library="SeleniumLibrary">
<doc>Closes all open browsers and resets the browser cache.</doc>
<status status="PASS" starttime="20230119 11:47:28.634" endtime="20230119 11:47:34.829"/>
</kw>
<status status="PASS" starttime="20230119 11:47:28.633" endtime="20230119 11:47:34.829"/>
</kw>
<tag>Misc</tag>
<status status="PASS" starttime="20230119 11:47:22.805" endtime="20230119 11:47:34.829"/>
</test>
<test id="s1-s2-t3" name="Check the functionality of the social handles" line="41">
<kw name="Open Browser and accept cookies" library="Generic" type="SETUP">
<kw name="Create Webdriver" library="SeleniumLibrary">
<arg>${BROWSER}</arg>
<arg>executable_path=/resources/${BROWSER}</arg>
<doc>Creates an instance of Selenium WebDriver.</doc>
<msg timestamp="20230119 11:47:34.831" level="INFO">Creating an instance of the Chrome WebDriver.</msg>
<status status="PASS" starttime="20230119 11:47:34.831" endtime="20230119 11:47:39.976"/>
</kw>
<kw name="Maximize Browser Window" library="SeleniumLibrary">
<doc>Maximizes current browser window.</doc>
<status status="PASS" starttime="20230119 11:47:39.976" endtime="20230119 11:47:40.092"/>
</kw>
<kw name="Go To" library="SeleniumLibrary">
<arg>${URL}</arg>
<doc>Navigates the current browser window to the provided ``url``.</doc>
<msg timestamp="20230119 11:47:40.092" level="INFO">Opening url 'https://www.redbullracing.com/int-en'</msg>
<status status="PASS" starttime="20230119 11:47:40.092" endtime="20230119 11:47:42.245"/>
</kw>
<kw name="Accept cookies" library="Generic">
<kw name="Wait until element is located" library="Generic">
<arg>id=onetrust-accept-btn-handler</arg>
<kw name="Wait Until Element Is Visible" library="SeleniumLibrary">
<arg>${page_locator}</arg>
<arg>timeout=10s</arg>
<doc>Waits until the element ``locator`` is visible.</doc>
<status status="PASS" starttime="20230119 11:47:42.245" endtime="20230119 11:47:42.262"/>
</kw>
<status status="PASS" starttime="20230119 11:47:42.245" endtime="20230119 11:47:42.262"/>
</kw>
<kw name="Click Element" library="SeleniumLibrary">
<arg>id=onetrust-accept-btn-handler</arg>
<doc>Click the element identified by ``locator``.</doc>
<msg timestamp="20230119 11:47:42.262" level="INFO">Clicking element 'id=onetrust-accept-btn-handler'.</msg>
<status status="PASS" starttime="20230119 11:47:42.262" endtime="20230119 11:47:42.309"/>
</kw>
<status status="PASS" starttime="20230119 11:47:42.245" endtime="20230119 11:47:42.309"/>
</kw>
<status status="PASS" starttime="20230119 11:47:34.831" endtime="20230119 11:47:42.309"/>
</kw>
<kw name="Navigate to esports page" library="Generic">
<kw name="Click Element" library="SeleniumLibrary">
<arg>${esports_page}</arg>
<doc>Click the element identified by ``locator``.</doc>
<msg timestamp="20230119 11:47:42.310" level="INFO">Clicking element 'xpath=//div[normalize-space()='Esports']'.</msg>
<status status="PASS" starttime="20230119 11:47:42.310" endtime="20230119 11:47:43.982"/>
</kw>
<kw name="Title Should Be" library="SeleniumLibrary">
<arg>Oracle Red Bull Racing Esports</arg>
<doc>Verifies that the current page title equals ``title``.</doc>
<msg timestamp="20230119 11:47:43.986" level="INFO">Page title is 'Oracle Red Bull Racing Esports'.</msg>
<status status="PASS" starttime="20230119 11:47:43.982" endtime="20230119 11:47:43.986"/>
</kw>
<status status="PASS" starttime="20230119 11:47:42.309" endtime="20230119 11:47:43.986"/>
</kw>
<kw name="Check socials">
<kw name="Wait until element is located" library="Generic">
<arg>${social_container}</arg>
<kw name="Wait Until Element Is Visible" library="SeleniumLibrary">
<arg>${page_locator}</arg>
<arg>timeout=10s</arg>
<doc>Waits until the element ``locator`` is visible.</doc>
<status status="PASS" starttime="20230119 11:47:43.987" endtime="20230119 11:47:44.002"/>
</kw>
<status status="PASS" starttime="20230119 11:47:43.987" endtime="20230119 11:47:44.002"/>
</kw>
<kw name="Scroll Element Into View" library="SeleniumLibrary">
<arg>${social_handles}[0]</arg>
<doc>Scrolls the element identified by ``locator`` into view.</doc>
<status status="PASS" starttime="20230119 11:47:44.002" endtime="20230119 11:47:44.275"/>
</kw>
<kw name="Click Element" library="SeleniumLibrary">
<arg>${social_handles}[0]</arg>
<doc>Click the element identified by ``locator``.</doc>
<msg timestamp="20230119 11:47:44.276" level="INFO">Clicking element 'xpath=(//div[@class='social-follow__button'])[1]'.</msg>
<status status="PASS" starttime="20230119 11:47:44.275" endtime="20230119 11:47:44.325"/>
</kw>
<kw name="Switch Window" library="SeleniumLibrary">
<arg>NEW</arg>
<doc>Switches to browser window matching ``locator``.</doc>
<status status="PASS" starttime="20230119 11:47:44.325" endtime="20230119 11:47:44.334"/>
</kw>
<kw name="Title Should Be" library="SeleniumLibrary">
<arg>Oracle Red Bull Racing Esports (@redbullracingES) / Twitter</arg>
<doc>Verifies that the current page title equals ``title``.</doc>
<msg timestamp="20230119 11:47:46.424" level="INFO">Page title is 'Oracle Red Bull Racing Esports (@redbullracingES) / Twitter'.</msg>
<status status="PASS" starttime="20230119 11:47:44.334" endtime="20230119 11:47:46.424"/>
</kw>
<kw name="Switch Window" library="SeleniumLibrary">
<arg>MAIN</arg>
<doc>Switches to browser window matching ``locator``.</doc>
<status status="PASS" starttime="20230119 11:47:46.424" endtime="20230119 11:47:46.432"/>
</kw>
<kw name="Click Element" library="SeleniumLibrary">
<arg>${social_handles}[1]</arg>
<doc>Click the element identified by ``locator``.</doc>
<msg timestamp="20230119 11:47:46.433" level="INFO">Clicking element '(//div[@class='social-follow__button'])[2]'.</msg>
<status status="PASS" starttime="20230119 11:47:46.433" endtime="20230119 11:47:46.493"/>
</kw>
<kw name="Switch Window" library="SeleniumLibrary">
<arg>NEW</arg>
<doc>Switches to browser window matching ``locator``.</doc>
<status status="PASS" starttime="20230119 11:47:46.493" endtime="20230119 11:47:46.501"/>
</kw>
<kw name="Title Should Be" library="SeleniumLibrary">
<arg>Page not found • Instagram</arg>
<doc>Verifies that the current page title equals ``title``.</doc>
<msg timestamp="20230119 11:47:49.129" level="INFO">Page title is 'Page not found • Instagram'.</msg>
<status status="PASS" starttime="20230119 11:47:46.501" endtime="20230119 11:47:49.129"/>
</kw>
<kw name="Switch Window" library="SeleniumLibrary">
<arg>MAIN</arg>
<doc>Switches to browser window matching ``locator``.</doc>
<status status="PASS" starttime="20230119 11:47:49.129" endtime="20230119 11:47:49.139"/>
</kw>
<kw name="Click Element" library="SeleniumLibrary">
<arg>${social_handles}[2]</arg>
<doc>Click the element identified by ``locator``.</doc>
<msg timestamp="20230119 11:47:49.139" level="INFO">Clicking element 'xpath=(//div[@class='social-follow__button'])[3]'.</msg>
<status status="PASS" starttime="20230119 11:47:49.139" endtime="20230119 11:47:49.206"/>
</kw>
<kw name="Switch Window" library="SeleniumLibrary">
<arg>NEW</arg>
<doc>Switches to browser window matching ``locator``.</doc>
<status status="PASS" starttime="20230119 11:47:49.206" endtime="20230119 11:47:49.214"/>
</kw>
<kw name="Title Should Be" library="SeleniumLibrary">
<arg>Red Bull Racing Esports - Home | Facebook</arg>
<doc>Verifies that the current page title equals ``title``.</doc>
<msg timestamp="20230119 11:47:50.743" level="INFO">Page title is 'Red Bull Racing Esports - Home | Facebook'.</msg>
<status status="PASS" starttime="20230119 11:47:49.215" endtime="20230119 11:47:50.743"/>
</kw>
<kw name="Wait Until Keyword Succeeds" library="BuiltIn">
<arg>10x</arg>
<arg>1s</arg>
<arg>Page Should Contain</arg>
<arg>Red Bull Racing Esports - Home | Facebook</arg>
<doc>Runs the specified keyword and retries if it fails.</doc>
<kw name="Page Should Contain" library="SeleniumLibrary">
<arg>Red Bull Racing Esports - Home | Facebook</arg>
<doc>Verifies that current page contains ``text``.</doc>
<msg timestamp="20230119 11:47:50.761" level="INFO">Current page contains text 'Red Bull Racing Esports - Home | Facebook'.</msg>
<status status="PASS" starttime="20230119 11:47:50.744" endtime="20230119 11:47:50.761"/>
</kw>
<status status="PASS" starttime="20230119 11:47:50.743" endtime="20230119 11:47:50.761"/>
</kw>
<status status="PASS" starttime="20230119 11:47:43.987" endtime="20230119 11:47:50.761"/>
</kw>
<kw name="Close Browser" library="Generic" type="TEARDOWN">
<kw name="Close All Browsers" library="SeleniumLibrary">
<doc>Closes all open browsers and resets the browser cache.</doc>
<status status="PASS" starttime="20230119 11:47:50.762" endtime="20230119 11:47:57.031"/>
</kw>
<status status="PASS" starttime="20230119 11:47:50.761" endtime="20230119 11:47:57.031"/>
</kw>
<tag>Secondary</tag>
<status status="PASS" starttime="20230119 11:47:34.830" endtime="20230119 11:47:57.031"/>
</test>
<test id="s1-s2-t4" name="Check the functionality of the shop" line="46">
<kw name="Open Browser and accept cookies" library="Generic" type="SETUP">
<kw name="Create Webdriver" library="SeleniumLibrary">
<arg>${BROWSER}</arg>
<arg>executable_path=/resources/${BROWSER}</arg>
<doc>Creates an instance of Selenium WebDriver.</doc>
<msg timestamp="20230119 11:47:57.032" level="INFO">Creating an instance of the Chrome WebDriver.</msg>
<status status="PASS" starttime="20230119 11:47:57.032" endtime="20230119 11:47:58.248"/>
</kw>
<kw name="Maximize Browser Window" library="SeleniumLibrary">
<doc>Maximizes current browser window.</doc>
<status status="PASS" starttime="20230119 11:47:58.248" endtime="20230119 11:47:58.366"/>
</kw>
<kw name="Go To" library="SeleniumLibrary">
<arg>${URL}</arg>
<doc>Navigates the current browser window to the provided ``url``.</doc>
<msg timestamp="20230119 11:47:58.366" level="INFO">Opening url 'https://www.redbullracing.com/int-en'</msg>
<status status="PASS" starttime="20230119 11:47:58.366" endtime="20230119 11:48:00.322"/>
</kw>
<kw name="Accept cookies" library="Generic">
<kw name="Wait until element is located" library="Generic">
<arg>id=onetrust-accept-btn-handler</arg>
<kw name="Wait Until Element Is Visible" library="SeleniumLibrary">
<arg>${page_locator}</arg>
<arg>timeout=10s</arg>
<doc>Waits until the element ``locator`` is visible.</doc>
<status status="PASS" starttime="20230119 11:48:00.323" endtime="20230119 11:48:00.338"/>
</kw>
<status status="PASS" starttime="20230119 11:48:00.322" endtime="20230119 11:48:00.338"/>
</kw>
<kw name="Click Element" library="SeleniumLibrary">
<arg>id=onetrust-accept-btn-handler</arg>
<doc>Click the element identified by ``locator``.</doc>
<msg timestamp="20230119 11:48:00.339" level="INFO">Clicking element 'id=onetrust-accept-btn-handler'.</msg>
<status status="PASS" starttime="20230119 11:48:00.338" endtime="20230119 11:48:00.375"/>
</kw>
<status status="PASS" starttime="20230119 11:48:00.322" endtime="20230119 11:48:00.375"/>
</kw>
<status status="PASS" starttime="20230119 11:47:57.032" endtime="20230119 11:48:00.375"/>
</kw>
<kw name="Navigate to esports page" library="Generic">
<kw name="Click Element" library="SeleniumLibrary">
<arg>${esports_page}</arg>
<doc>Click the element identified by ``locator``.</doc>
<msg timestamp="20230119 11:48:00.376" level="INFO">Clicking element 'xpath=//div[normalize-space()='Esports']'.</msg>
<status status="PASS" starttime="20230119 11:48:00.375" endtime="20230119 11:48:01.320"/>
</kw>
<kw name="Title Should Be" library="SeleniumLibrary">
<arg>Oracle Red Bull Racing Esports</arg>
<doc>Verifies that the current page title equals ``title``.</doc>
<msg timestamp="20230119 11:48:01.328" level="INFO">Page title is 'Oracle Red Bull Racing Esports'.</msg>
<status status="PASS" starttime="20230119 11:48:01.320" endtime="20230119 11:48:01.329"/>
</kw>
<status status="PASS" starttime="20230119 11:48:00.375" endtime="20230119 11:48:01.329"/>
</kw>
<kw name="Verify shop page functionality">
<kw name="Wait until element is located" library="Generic">
<arg>${tab_shop}</arg>
<kw name="Wait Until Element Is Visible" library="SeleniumLibrary">
<arg>${page_locator}</arg>
<arg>timeout=10s</arg>
<doc>Waits until the element ``locator`` is visible.</doc>
<status status="PASS" starttime="20230119 11:48:01.329" endtime="20230119 11:48:01.345"/>
</kw>
<status status="PASS" starttime="20230119 11:48:01.329" endtime="20230119 11:48:01.345"/>
</kw>
<kw name="Click Element" library="SeleniumLibrary">
<arg>${tab_shop}</arg>
<doc>Click the element identified by ``locator``.</doc>
<msg timestamp="20230119 11:48:01.345" level="INFO">Clicking element 'xpath=(//a[normalize-space()='Shop'])[1]'.</msg>
<status status="PASS" starttime="20230119 11:48:01.345" endtime="20230119 11:48:02.721"/>
</kw>
<kw name="Wait until element is located" library="Generic">
<arg>${shop_items}[0]</arg>
<kw name="Wait Until Element Is Visible" library="SeleniumLibrary">
<arg>${page_locator}</arg>
<arg>timeout=10s</arg>
<doc>Waits until the element ``locator`` is visible.</doc>
<status status="PASS" starttime="20230119 11:48:02.721" endtime="20230119 11:48:02.735"/>
</kw>
<status status="PASS" starttime="20230119 11:48:02.721" endtime="20230119 11:48:02.735"/>
</kw>
<kw name="Click Element" library="SeleniumLibrary">
<arg>${shop_items}[0]</arg>
<doc>Click the element identified by ``locator``.</doc>
<msg timestamp="20230119 11:48:02.735" level="INFO">Clicking element 'xpath=(//div[@class='asset-info-rail__item'])[1]'.</msg>
<status status="PASS" starttime="20230119 11:48:02.735" endtime="20230119 11:48:02.781"/>
</kw>
<kw name="Switch Window" library="SeleniumLibrary">
<arg>NEW</arg>
<doc>Switches to browser window matching ``locator``.</doc>
<status status="PASS" starttime="20230119 11:48:02.781" endtime="20230119 11:48:02.789"/>
</kw>
<kw name="Title Should Be" library="SeleniumLibrary">
<arg>Oracle Red Bull Racing Shop: Esports Driver Cap 2022 | only here at redbullshop.com</arg>
<doc>Verifies that the current page title equals ``title``.</doc>
<msg timestamp="20230119 11:48:05.774" level="INFO">Page title is 'Oracle Red Bull Racing Shop: Esports Driver Cap 2022 | only here at redbullshop.com'.</msg>
<status status="PASS" starttime="20230119 11:48:02.789" endtime="20230119 11:48:05.774"/>
</kw>
<kw name="Switch Window" library="SeleniumLibrary">
<arg>MAIN</arg>
<doc>Switches to browser window matching ``locator``.</doc>
<status status="PASS" starttime="20230119 11:48:05.774" endtime="20230119 11:48:05.785"/>
</kw>
<kw name="Click Element" library="SeleniumLibrary">
<arg>${shop_items}[1]</arg>
<doc>Click the element identified by ``locator``.</doc>
<msg timestamp="20230119 11:48:05.786" level="INFO">Clicking element 'xpath=(//div[@class='asset-info-rail__item'])[2]'.</msg>
<status status="PASS" starttime="20230119 11:48:05.785" endtime="20230119 11:48:05.878"/>
</kw>
<kw name="Switch Window" library="SeleniumLibrary">
<arg>NEW</arg>
<doc>Switches to browser window matching ``locator``.</doc>
<status status="PASS" starttime="20230119 11:48:05.878" endtime="20230119 11:48:05.888"/>
</kw>
<kw name="Title Should Be" library="SeleniumLibrary">
<arg>Playseat® Evolution PRO Red Bull Racing Esports - PlayseatStore - Game Seats and Racing &amp; Flying Simulation Cockpits</arg>
<doc>Verifies that the current page title equals ``title``.</doc>
<msg timestamp="20230119 11:48:08.922" level="INFO">Page title is 'Playseat® Evolution PRO Red Bull Racing Esports - PlayseatStore - Game Seats and Racing &amp; Flying Simulation Cockpits'.</msg>
<status status="PASS" starttime="20230119 11:48:05.888" endtime="20230119 11:48:08.922"/>
</kw>
<kw name="Switch Window" library="SeleniumLibrary">
<arg>MAIN</arg>
<doc>Switches to browser window matching ``locator``.</doc>
<status status="PASS" starttime="20230119 11:48:08.922" endtime="20230119 11:48:08.931"/>
</kw>
<kw name="Click Element" library="SeleniumLibrary">
<arg>${shop_items}[2]</arg>
<doc>Click the element identified by ``locator``.</doc>
<msg timestamp="20230119 11:48:08.932" level="INFO">Clicking element 'xpath=(//div[@class='asset-info-rail__item'])[3]'.</msg>
<status status="PASS" starttime="20230119 11:48:08.931" endtime="20230119 11:48:09.014"/>
</kw>
<kw name="Switch Window" library="SeleniumLibrary">
<arg>NEW</arg>
<doc>Switches to browser window matching ``locator``.</doc>
<status status="PASS" starttime="20230119 11:48:09.014" endtime="20230119 11:48:09.022"/>
</kw>
<kw name="Title Should Be" library="SeleniumLibrary">
<arg>PlayseatStore - Game Seats and Racing &amp; Flying Simulation Cockpits</arg>
<doc>Verifies that the current page title equals ``title``.</doc>
<msg timestamp="20230119 11:48:09.630" level="INFO">Page title is 'PlayseatStore - Game Seats and Racing &amp; Flying Simulation Cockpits'.</msg>
<status status="PASS" starttime="20230119 11:48:09.022" endtime="20230119 11:48:09.630"/>
</kw>
<kw name="Switch Window" library="SeleniumLibrary">
<arg>MAIN</arg>
<doc>Switches to browser window matching ``locator``.</doc>
<status status="PASS" starttime="20230119 11:48:09.630" endtime="20230119 11:48:09.642"/>
</kw>
<kw name="Click Element" library="SeleniumLibrary">
<arg>${shop_items}[3]</arg>
<doc>Click the element identified by ``locator``.</doc>
<msg timestamp="20230119 11:48:09.643" level="INFO">Clicking element 'xpath=(//div[@class='asset-info-rail__item'])[4]'.</msg>
<status status="PASS" starttime="20230119 11:48:09.642" endtime="20230119 11:48:09.738"/>
</kw>
<kw name="Switch Window" library="SeleniumLibrary">
<arg>NEW</arg>
<doc>Switches to browser window matching ``locator``.</doc>
<status status="PASS" starttime="20230119 11:48:09.738" endtime="20230119 11:48:09.747"/>
</kw>
<kw name="Title Should Be" library="SeleniumLibrary">
<arg>PlayseatStore - Game Seats and Racing &amp; Flying Simulation Cockpits</arg>
<doc>Verifies that the current page title equals ``title``.</doc>
<msg timestamp="20230119 11:48:10.355" level="INFO">Page title is 'PlayseatStore - Game Seats and Racing &amp; Flying Simulation Cockpits'.</msg>
<status status="PASS" starttime="20230119 11:48:09.747" endtime="20230119 11:48:10.355"/>
</kw>
<status status="PASS" starttime="20230119 11:48:01.329" endtime="20230119 11:48:10.356"/>
</kw>
<kw name="Close Browser" library="Generic" type="TEARDOWN">
<kw name="Close All Browsers" library="SeleniumLibrary">
<doc>Closes all open browsers and resets the browser cache.</doc>
<status status="PASS" starttime="20230119 11:48:10.357" endtime="20230119 11:48:16.576"/>
</kw>
<status status="PASS" starttime="20230119 11:48:10.357" endtime="20230119 11:48:16.576"/>
</kw>
<tag>Secondary</tag>
<status status="PASS" starttime="20230119 11:47:57.032" endtime="20230119 11:48:16.576"/>
</test>
<test id="s1-s2-t5" name="Check the functionality of the events" line="51">
<kw name="Open Browser and accept cookies" library="Generic" type="SETUP">
<kw name="Create Webdriver" library="SeleniumLibrary">
<arg>${BROWSER}</arg>
<arg>executable_path=/resources/${BROWSER}</arg>
<doc>Creates an instance of Selenium WebDriver.</doc>
<msg timestamp="20230119 11:48:16.578" level="INFO">Creating an instance of the Chrome WebDriver.</msg>
<status status="PASS" starttime="20230119 11:48:16.578" endtime="20230119 11:48:17.780"/>
</kw>
<kw name="Maximize Browser Window" library="SeleniumLibrary">
<doc>Maximizes current browser window.</doc>
<status status="PASS" starttime="20230119 11:48:17.780" endtime="20230119 11:48:17.896"/>
</kw>
<kw name="Go To" library="SeleniumLibrary">
<arg>${URL}</arg>
<doc>Navigates the current browser window to the provided ``url``.</doc>
<msg timestamp="20230119 11:48:17.897" level="INFO">Opening url 'https://www.redbullracing.com/int-en'</msg>
<status status="PASS" starttime="20230119 11:48:17.897" endtime="20230119 11:48:20.099"/>
</kw>
<kw name="Accept cookies" library="Generic">
<kw name="Wait until element is located" library="Generic">
<arg>id=onetrust-accept-btn-handler</arg>
<kw name="Wait Until Element Is Visible" library="SeleniumLibrary">
<arg>${page_locator}</arg>
<arg>timeout=10s</arg>
<doc>Waits until the element ``locator`` is visible.</doc>
<status status="PASS" starttime="20230119 11:48:20.100" endtime="20230119 11:48:20.116"/>
</kw>
<status status="PASS" starttime="20230119 11:48:20.100" endtime="20230119 11:48:20.117"/>
</kw>
<kw name="Click Element" library="SeleniumLibrary">
<arg>id=onetrust-accept-btn-handler</arg>
<doc>Click the element identified by ``locator``.</doc>
<msg timestamp="20230119 11:48:20.117" level="INFO">Clicking element 'id=onetrust-accept-btn-handler'.</msg>
<status status="PASS" starttime="20230119 11:48:20.117" endtime="20230119 11:48:20.156"/>
</kw>
<status status="PASS" starttime="20230119 11:48:20.099" endtime="20230119 11:48:20.156"/>
</kw>
<status status="PASS" starttime="20230119 11:48:16.578" endtime="20230119 11:48:20.156"/>
</kw>
<kw name="Navigate to esports page" library="Generic">
<kw name="Click Element" library="SeleniumLibrary">
<arg>${esports_page}</arg>
<doc>Click the element identified by ``locator``.</doc>
<msg timestamp="20230119 11:48:20.157" level="INFO">Clicking element 'xpath=//div[normalize-space()='Esports']'.</msg>
<status status="PASS" starttime="20230119 11:48:20.157" endtime="20230119 11:48:21.202"/>
</kw>
<kw name="Title Should Be" library="SeleniumLibrary">
<arg>Oracle Red Bull Racing Esports</arg>
<doc>Verifies that the current page title equals ``title``.</doc>
<msg timestamp="20230119 11:48:21.205" level="INFO">Page title is 'Oracle Red Bull Racing Esports'.</msg>
<status status="PASS" starttime="20230119 11:48:21.203" endtime="20230119 11:48:21.205"/>
</kw>
<status status="PASS" starttime="20230119 11:48:20.157" endtime="20230119 11:48:21.205"/>
</kw>
<kw name="Test calendar functionality">
<kw name="Wait until element is located" library="Generic">
<arg>${tab_races}</arg>
<kw name="Wait Until Element Is Visible" library="SeleniumLibrary">
<arg>${page_locator}</arg>
<arg>timeout=10s</arg>
<doc>Waits until the element ``locator`` is visible.</doc>
<status status="PASS" starttime="20230119 11:48:21.206" endtime="20230119 11:48:21.224"/>
</kw>
<status status="PASS" starttime="20230119 11:48:21.206" endtime="20230119 11:48:21.224"/>
</kw>
<kw name="Click Element" library="SeleniumLibrary">
<arg>${tab_races}</arg>
<doc>Click the element identified by ``locator``.</doc>
<msg timestamp="20230119 11:48:21.225" level="INFO">Clicking element 'css:a[href='/int-en/red-bull-racing-esports/race-schedule']'.</msg>
<status status="PASS" starttime="20230119 11:48:21.225" endtime="20230119 11:48:22.246"/>
</kw>
<kw name="Wait until element is located" library="Generic">
<arg>${event_panel}</arg>
<kw name="Wait Until Element Is Visible" library="SeleniumLibrary">
<arg>${page_locator}</arg>
<arg>timeout=10s</arg>
<doc>Waits until the element ``locator`` is visible.</doc>
<status status="PASS" starttime="20230119 11:48:22.246" endtime="20230119 11:48:22.266"/>
</kw>
<status status="PASS" starttime="20230119 11:48:22.246" endtime="20230119 11:48:22.266"/>
</kw>
<kw name="Wait until element is located" library="Generic">
<arg>${race_card}</arg>
<kw name="Wait Until Element Is Visible" library="SeleniumLibrary">
<arg>${page_locator}</arg>
<arg>timeout=10s</arg>
<doc>Waits until the element ``locator`` is visible.</doc>
<status status="PASS" starttime="20230119 11:48:22.266" endtime="20230119 11:48:22.281"/>
</kw>
<status status="PASS" starttime="20230119 11:48:22.266" endtime="20230119 11:48:22.281"/>
</kw>
<kw name="Scroll Element Into View" library="SeleniumLibrary">
<arg>${race_card}</arg>
<doc>Scrolls the element identified by ``locator`` into view.</doc>
<status status="PASS" starttime="20230119 11:48:22.281" endtime="20230119 11:48:22.556"/>
</kw>
<kw name="Wait until element is located" library="Generic">
<arg>${event_view_more}</arg>
<kw name="Wait Until Element Is Visible" library="SeleniumLibrary">
<arg>${page_locator}</arg>
<arg>timeout=10s</arg>
<doc>Waits until the element ``locator`` is visible.</doc>
<status status="PASS" starttime="20230119 11:48:22.556" endtime="20230119 11:48:22.570"/>
</kw>
<status status="PASS" starttime="20230119 11:48:22.556" endtime="20230119 11:48:22.570"/>
</kw>
<kw name="Click Element" library="SeleniumLibrary">
<arg>${event_view_more}</arg>
<doc>Click the element identified by ``locator``.</doc>
<msg timestamp="20230119 11:48:22.571" level="INFO">Clicking element 'css:div[class='event-series-rail__expanded-item'] a[class='button button--clickable']'.</msg>
<status status="PASS" starttime="20230119 11:48:22.570" endtime="20230119 11:48:23.688"/>
</kw>
<kw name="Page Should Contain" library="SeleniumLibrary">
<arg>2022/23 Le Mans Virtual Series Finale</arg>
<doc>Verifies that current page contains ``text``.</doc>
<msg timestamp="20230119 11:48:23.708" level="INFO">Current page contains text '2022/23 Le Mans Virtual Series Finale'.</msg>
<status status="PASS" starttime="20230119 11:48:23.689" endtime="20230119 11:48:23.708"/>
</kw>
<kw name="Wait Until Keyword Succeeds" library="BuiltIn">
<arg>10x</arg>
<arg>1s</arg>
<arg>Page Should Contain</arg>
<arg>2022/23 Le Mans Virtual Series Finale</arg>
<doc>Runs the specified keyword and retries if it fails.</doc>
<kw name="Page Should Contain" library="SeleniumLibrary">
<arg>2022/23 Le Mans Virtual Series Finale</arg>
<doc>Verifies that current page contains ``text``.</doc>
<msg timestamp="20230119 11:48:23.723" level="INFO">Current page contains text '2022/23 Le Mans Virtual Series Finale'.</msg>
<status status="PASS" starttime="20230119 11:48:23.708" endtime="20230119 11:48:23.723"/>
</kw>
<status status="PASS" starttime="20230119 11:48:23.708" endtime="20230119 11:48:23.723"/>
</kw>
<status status="PASS" starttime="20230119 11:48:21.206" endtime="20230119 11:48:23.723"/>
</kw>
<kw name="Close Browser" library="Generic" type="TEARDOWN">
<kw name="Close All Browsers" library="SeleniumLibrary">
<doc>Closes all open browsers and resets the browser cache.</doc>
<status status="PASS" starttime="20230119 11:48:23.725" endtime="20230119 11:48:29.946"/>
</kw>
<status status="PASS" starttime="20230119 11:48:23.723" endtime="20230119 11:48:29.946"/>
</kw>
<tag>Secondary</tag>
<status status="PASS" starttime="20230119 11:48:16.577" endtime="20230119 11:48:29.946"/>
</test>
<doc>This file contains the keywords and tests pertaining to the esports page.</doc>
<status status="FAIL" starttime="20230119 11:47:11.066" endtime="20230119 11:48:29.948"/>
</suite>
<suite id="s1-s3" name="MainPage" source="C:\Users\Jyri\Documents\GitHub\RBR_UI_Tests\tests\MainPage.robot">
<test id="s1-s3-t1" name="Check the mailing list functionality" line="24">
<kw name="Open Browser and accept cookies" library="Generic" type="SETUP">
<kw name="Create Webdriver" library="SeleniumLibrary">
<arg>${BROWSER}</arg>
<arg>executable_path=/resources/${BROWSER}</arg>
<doc>Creates an instance of Selenium WebDriver.</doc>
<msg timestamp="20230119 11:48:29.963" level="INFO">Creating an instance of the Chrome WebDriver.</msg>
<status status="PASS" starttime="20230119 11:48:29.963" endtime="20230119 11:48:31.192"/>
</kw>
<kw name="Maximize Browser Window" library="SeleniumLibrary">
<doc>Maximizes current browser window.</doc>
<status status="PASS" starttime="20230119 11:48:31.193" endtime="20230119 11:48:31.309"/>
</kw>
<kw name="Go To" library="SeleniumLibrary">
<arg>${URL}</arg>
<doc>Navigates the current browser window to the provided ``url``.</doc>
<msg timestamp="20230119 11:48:31.310" level="INFO">Opening url 'https://www.redbullracing.com/int-en'</msg>
<status status="PASS" starttime="20230119 11:48:31.310" endtime="20230119 11:48:33.334"/>
</kw>
<kw name="Accept cookies" library="Generic">
<kw name="Wait until element is located" library="Generic">
<arg>id=onetrust-accept-btn-handler</arg>
<kw name="Wait Until Element Is Visible" library="SeleniumLibrary">
<arg>${page_locator}</arg>
<arg>timeout=10s</arg>
<doc>Waits until the element ``locator`` is visible.</doc>
<status status="PASS" starttime="20230119 11:48:33.334" endtime="20230119 11:48:33.350"/>
</kw>
<status status="PASS" starttime="20230119 11:48:33.334" endtime="20230119 11:48:33.350"/>
</kw>
<kw name="Click Element" library="SeleniumLibrary">
<arg>id=onetrust-accept-btn-handler</arg>
<doc>Click the element identified by ``locator``.</doc>
<msg timestamp="20230119 11:48:33.351" level="INFO">Clicking element 'id=onetrust-accept-btn-handler'.</msg>
<status status="PASS" starttime="20230119 11:48:33.350" endtime="20230119 11:48:33.390"/>
</kw>
<status status="PASS" starttime="20230119 11:48:33.334" endtime="20230119 11:48:33.390"/>
</kw>
<status status="PASS" starttime="20230119 11:48:29.963" endtime="20230119 11:48:33.391"/>
</kw>
<kw name="Join the mailing list">
<arg>${EMAIL_TEST}</arg>
<kw name="Wait until element is located" library="Generic">
<arg>${email_field}</arg>
<kw name="Wait Until Element Is Visible" library="SeleniumLibrary">
<arg>${page_locator}</arg>
<arg>timeout=10s</arg>
<doc>Waits until the element ``locator`` is visible.</doc>
<status status="PASS" starttime="20230119 11:48:33.391" endtime="20230119 11:48:33.414"/>
</kw>
<status status="PASS" starttime="20230119 11:48:33.391" endtime="20230119 11:48:33.414"/>
</kw>
<kw name="Input Text" library="SeleniumLibrary">
<arg>${email_field}</arg>
<arg>${email}</arg>
<doc>Types the given ``text`` into the text field identified by ``locator``.</doc>
<msg timestamp="20230119 11:48:33.415" level="INFO">Typing text 'godakal422@tingn.com' into text field 'xpath=//input[@placeholder='Your email:']'.</msg>
<status status="PASS" starttime="20230119 11:48:33.414" endtime="20230119 11:48:33.494"/>
</kw>
<kw name="Click Element" library="SeleniumLibrary">
<arg>${checkbox}[0]</arg>
<doc>Click the element identified by ``locator``.</doc>
<msg timestamp="20230119 11:48:33.494" level="INFO">Clicking element '//div[@class='rbr-lite-account-presignup false']//div[1]//div[1]'.</msg>
<status status="PASS" starttime="20230119 11:48:33.494" endtime="20230119 11:48:34.045"/>
</kw>
<kw name="Click Element" library="SeleniumLibrary">
<arg>${checkbox}[1]</arg>
<doc>Click the element identified by ``locator``.</doc>
<msg timestamp="20230119 11:48:34.046" level="INFO">Clicking element '//div[@class='rbr-lite-account-presignup false']//div[2]//div[1]'.</msg>
<status status="PASS" starttime="20230119 11:48:34.045" endtime="20230119 11:48:34.080"/>
</kw>
<kw name="Click Element" library="SeleniumLibrary">
<arg>${checkbox}[2]</arg>
<doc>Click the element identified by ``locator``.</doc>
<msg timestamp="20230119 11:48:34.081" level="INFO">Clicking element '//div[@class='rbr-lite-account-presignup false']//div[3]//div[1]'.</msg>
<status status="PASS" starttime="20230119 11:48:34.080" endtime="20230119 11:48:34.109"/>
</kw>
<kw name="Wait Until Element Is Enabled" library="SeleniumLibrary">
<arg>${submit_button}</arg>
<doc>Waits until the element ``locator`` is enabled.</doc>
<status status="PASS" starttime="20230119 11:48:34.109" endtime="20230119 11:48:34.129"/>
</kw>
<kw name="Click Button" library="SeleniumLibrary">
<arg>${submit_button}</arg>
<doc>Clicks the button identified by ``locator``.</doc>
<msg timestamp="20230119 11:48:34.130" level="INFO">Clicking button 'xpath=//button[normalize-space()='Submit']'.</msg>
<status status="PASS" starttime="20230119 11:48:34.129" endtime="20230119 11:48:34.163"/>
</kw>
<kw name="Page Should Contain" library="SeleniumLibrary">
<arg>Thanks for joining the Oracle Red Bull Racing charge.</arg>
<doc>Verifies that current page contains ``text``.</doc>
<msg timestamp="20230119 11:48:34.183" level="INFO">Current page contains text 'Thanks for joining the Oracle Red Bull Racing charge.'.</msg>
<status status="PASS" starttime="20230119 11:48:34.164" endtime="20230119 11:48:34.183"/>
</kw>
<status status="PASS" starttime="20230119 11:48:33.391" endtime="20230119 11:48:34.183"/>
</kw>
<kw name="Close Browser" library="Generic" type="TEARDOWN">
<kw name="Close All Browsers" library="SeleniumLibrary">
<doc>Closes all open browsers and resets the browser cache.</doc>
<status status="PASS" starttime="20230119 11:48:34.184" endtime="20230119 11:48:40.386"/>
</kw>
<status status="PASS" starttime="20230119 11:48:34.184" endtime="20230119 11:48:40.386"/>
</kw>
<tag>Misc</tag>
<status status="PASS" starttime="20230119 11:48:29.962" endtime="20230119 11:48:40.386"/>
</test>
<test id="s1-s3-t2" name="Check the podcast functionality" line="28">
<kw name="Open Browser and accept cookies" library="Generic" type="SETUP">
<kw name="Create Webdriver" library="SeleniumLibrary">
<arg>${BROWSER}</arg>
<arg>executable_path=/resources/${BROWSER}</arg>
<doc>Creates an instance of Selenium WebDriver.</doc>
<msg timestamp="20230119 11:48:40.388" level="INFO">Creating an instance of the Chrome WebDriver.</msg>
<status status="PASS" starttime="20230119 11:48:40.388" endtime="20230119 11:48:41.649"/>
</kw>
<kw name="Maximize Browser Window" library="SeleniumLibrary">
<doc>Maximizes current browser window.</doc>
<status status="PASS" starttime="20230119 11:48:41.649" endtime="20230119 11:48:41.764"/>
</kw>
<kw name="Go To" library="SeleniumLibrary">
<arg>${URL}</arg>
<doc>Navigates the current browser window to the provided ``url``.</doc>
<msg timestamp="20230119 11:48:41.764" level="INFO">Opening url 'https://www.redbullracing.com/int-en'</msg>
<status status="PASS" starttime="20230119 11:48:41.764" endtime="20230119 11:48:43.976"/>
</kw>
<kw name="Accept cookies" library="Generic">
<kw name="Wait until element is located" library="Generic">
<arg>id=onetrust-accept-btn-handler</arg>
<kw name="Wait Until Element Is Visible" library="SeleniumLibrary">
<arg>${page_locator}</arg>
<arg>timeout=10s</arg>
<doc>Waits until the element ``locator`` is visible.</doc>
<status status="PASS" starttime="20230119 11:48:43.977" endtime="20230119 11:48:43.993"/>
</kw>
<status status="PASS" starttime="20230119 11:48:43.977" endtime="20230119 11:48:43.994"/>
</kw>
<kw name="Click Element" library="SeleniumLibrary">
<arg>id=onetrust-accept-btn-handler</arg>
<doc>Click the element identified by ``locator``.</doc>
<msg timestamp="20230119 11:48:43.994" level="INFO">Clicking element 'id=onetrust-accept-btn-handler'.</msg>
<status status="PASS" starttime="20230119 11:48:43.994" endtime="20230119 11:48:44.033"/>
</kw>
<status status="PASS" starttime="20230119 11:48:43.977" endtime="20230119 11:48:44.033"/>
</kw>
<status status="PASS" starttime="20230119 11:48:40.388" endtime="20230119 11:48:44.033"/>
</kw>
<kw name="Check the podcast functionality">
<kw name="Wait until element is located" library="Generic">
<arg>${podcast_banner}</arg>
<kw name="Wait Until Element Is Visible" library="SeleniumLibrary">
<arg>${page_locator}</arg>
<arg>timeout=10s</arg>
<doc>Waits until the element ``locator`` is visible.</doc>
<status status="PASS" starttime="20230119 11:48:44.034" endtime="20230119 11:48:44.058"/>
</kw>
<status status="PASS" starttime="20230119 11:48:44.034" endtime="20230119 11:48:44.059"/>
</kw>
<kw name="Click Element" library="SeleniumLibrary">
<arg>${view_podcast}</arg>
<doc>Click the element identified by ``locator``.</doc>
<msg timestamp="20230119 11:48:44.059" level="INFO">Clicking element 'xpath=//cosmos-text-3-22-1[contains(text(),'Talking Bull is the official podcast of the Oracle')]'.</msg>
<status status="PASS" starttime="20230119 11:48:44.059" endtime="20230119 11:48:45.572"/>
</kw>
<kw name="Page Should Contain" library="SeleniumLibrary">
<arg>Talking Bull</arg>
<doc>Verifies that current page contains ``text``.</doc>
<msg timestamp="20230119 11:48:45.588" level="INFO">Current page contains text 'Talking Bull'.</msg>
<status status="PASS" starttime="20230119 11:48:45.572" endtime="20230119 11:48:45.588"/>
</kw>
<status status="PASS" starttime="20230119 11:48:44.033" endtime="20230119 11:48:45.588"/>
</kw>
<kw name="Close Browser" library="Generic" type="TEARDOWN">
<kw name="Close All Browsers" library="SeleniumLibrary">
<doc>Closes all open browsers and resets the browser cache.</doc>
<status status="PASS" starttime="20230119 11:48:45.588" endtime="20230119 11:48:51.788"/>
</kw>
<status status="PASS" starttime="20230119 11:48:45.588" endtime="20230119 11:48:51.788"/>
</kw>
<tag>Misc</tag>
<status status="PASS" starttime="20230119 11:48:40.387" endtime="20230119 11:48:51.788"/>
</test>
<test id="s1-s3-t3" name="Check social media" line="32">
<kw name="Open Browser and accept cookies" library="Generic" type="SETUP">
<kw name="Create Webdriver" library="SeleniumLibrary">
<arg>${BROWSER}</arg>
<arg>executable_path=/resources/${BROWSER}</arg>
<doc>Creates an instance of Selenium WebDriver.</doc>
<status status="FAIL" starttime="20230119 11:48:51.790" endtime="20230119 11:48:51.790"/>
</kw>
<kw name="Maximize Browser Window" library="SeleniumLibrary">
<doc>Maximizes current browser window.</doc>
<status status="NOT RUN" starttime="20230119 11:48:51.790" endtime="20230119 11:48:51.790"/>
</kw>
<kw name="Go To" library="SeleniumLibrary">
<arg>${URL}</arg>
<doc>Navigates the current browser window to the provided ``url``.</doc>
<status status="NOT RUN" starttime="20230119 11:48:51.790" endtime="20230119 11:48:51.790"/>
</kw>
<kw name="Accept cookies" library="Generic">
<status status="NOT RUN" starttime="20230119 11:48:51.790" endtime="20230119 11:48:51.791"/>
</kw>
<status status="FAIL" starttime="20230119 11:48:51.790" endtime="20230119 11:48:51.791"/>
</kw>
<kw name="Close Browser" library="Generic" type="TEARDOWN">
<kw name="Close All Browsers" library="SeleniumLibrary">
<doc>Closes all open browsers and resets the browser cache.</doc>
<status status="PASS" starttime="20230119 11:48:51.791" endtime="20230119 11:48:51.792"/>
</kw>
<status status="PASS" starttime="20230119 11:48:51.791" endtime="20230119 11:48:51.792"/>
</kw>
<tag>Secondary</tag>
<status status="FAIL" starttime="20230119 11:48:51.790" endtime="20230119 11:48:51.793">Setup failed:
Execution terminated by signal</status>
</test>
<test id="s1-s3-t4" name="Verify draggable handle works" line="36">
<tag>Misc</tag>
<tag>robot:exit</tag>
<status status="FAIL" starttime="20230119 11:48:51.794" endtime="20230119 11:48:51.794">Test execution stopped due to a fatal error.</status>
</test>
<test id="s1-s3-t5" name="Test the partner links" line="40">
<tag>Primary</tag>
<tag>robot:exit</tag>
<status status="FAIL" starttime="20230119 11:48:51.794" endtime="20230119 11:48:51.794">Test execution stopped due to a fatal error.</status>
</test>
<doc>This file contains all the keywords, tests and variables related to the operations of the main page</doc>
<status status="FAIL" starttime="20230119 11:48:29.949" endtime="20230119 11:48:51.795"/>
</suite>
<suite id="s1-s4" name="NFTPage" source="C:\Users\Jyri\Documents\GitHub\RBR_UI_Tests\tests\NFTPage.robot">
<test id="s1-s4-t1" name="Test Navbar" line="20">
<tag>Misc</tag>
<tag>robot:exit</tag>
<status status="FAIL" starttime="20230119 11:48:51.796" endtime="20230119 11:48:51.796">Test execution stopped due to a fatal error.</status>
</test>
<status status="FAIL" starttime="20230119 11:48:51.795" endtime="20230119 11:48:51.796"/>
</suite>
<suite id="s1-s5" name="PaddockPage" source="C:\Users\Jyri\Documents\GitHub\RBR_UI_Tests\tests\PaddockPage.robot">
<test id="s1-s5-t1" name="Check that paddock page works" line="33">
<tag>Critical</tag>
<tag>robot:exit</tag>
<status status="FAIL" starttime="20230119 11:48:51.798" endtime="20230119 11:48:51.798">Test execution stopped due to a fatal error.</status>
</test>
<test id="s1-s5-t2" name="Check that paddock navbar functions" line="38">
<tag>primary</tag>
<tag>robot:exit</tag>
<status status="FAIL" starttime="20230119 11:48:51.798" endtime="20230119 11:48:51.798">Test execution stopped due to a fatal error.</status>
</test>
<test id="s1-s5-t3" name="Check the fan stories functionality" line="43">
<tag>robot:exit</tag>
<tag>Secondary</tag>
<status status="FAIL" starttime="20230119 11:48:51.799" endtime="20230119 11:48:51.799">Test execution stopped due to a fatal error.</status>
</test>
<test id="s1-s5-t4" name="Check the profile functionality" line="48">
<tag>Primary</tag>
<tag>robot:exit</tag>
<status status="FAIL" starttime="20230119 11:48:51.799" endtime="20230119 11:48:51.800">Test execution stopped due to a fatal error.</status>
</test>
<test id="s1-s5-t5" name="Check the garage functionality" line="53">
<tag>robot:exit</tag>
<tag>Secondary</tag>
<status status="FAIL" starttime="20230119 11:48:51.800" endtime="20230119 11:48:51.800">Test execution stopped due to a fatal error.</status>
</test>
<doc>This file contains the tests related to operations of the paddock page</doc>
<status status="FAIL" starttime="20230119 11:48:51.797" endtime="20230119 11:48:51.801"/>
</suite>
<suite id="s1-s6" name="RacesPage" source="C:\Users\Jyri\Documents\GitHub\RBR_UI_Tests\tests\RacesPage.robot">
<test id="s1-s6-t1" name="Check the races page" line="26">
<tag>Misc</tag>
<tag>robot:exit</tag>
<status status="FAIL" starttime="20230119 11:48:51.802" endtime="20230119 11:48:51.802">Test execution stopped due to a fatal error.</status>
</test>
<test id="s1-s6-t2" name="Check the latest race" line="30">
<tag>Primary</tag>
<tag>robot:exit</tag>
<status status="FAIL" starttime="20230119 11:48:51.802" endtime="20230119 11:48:51.802">Test execution stopped due to a fatal error.</status>
</test>
<test id="s1-s6-t3" name="Check calendar and another race" line="35">
<tag>robot:exit</tag>
<tag>Secondary</tag>
<status status="FAIL" starttime="20230119 11:48:51.803" endtime="20230119 11:48:51.804">Test execution stopped due to a fatal error.</status>
</test>
<test id="s1-s6-t4" name="Check the news tab" line="40">
<tag>robot:exit</tag>
<tag>Secondary</tag>
<status status="FAIL" starttime="20230119 11:48:51.804" endtime="20230119 11:48:51.805">Test execution stopped due to a fatal error.</status>
</test>
<doc>This test suite is used to test the functionality of the Races page and its features.</doc>
<status status="FAIL" starttime="20230119 11:48:51.801" endtime="20230119 11:48:51.805"/>
</suite>
<status status="FAIL" starttime="20230119 11:46:33.789" endtime="20230119 11:48:51.806"/>
</suite>
<statistics>
<total>
<stat pass="9" fail="14" skip="0">All Tests</stat>
</total>
<tag>
<stat pass="9" fail="2" skip="0" info="combined" combined="NOT robot:exit">NOT robot:exit</stat>
<stat pass="0" fail="1" skip="0">Critical</stat>
<stat pass="3" fail="3" skip="0">Misc</stat>
<stat pass="3" fail="5" skip="0">Primary</stat>
<stat pass="3" fail="5" skip="0">Secondary</stat>
</tag>
<suite>
<stat pass="9" fail="14" skip="0" id="s1" name="Tests">Tests</stat>
<stat pass="3" fail="0" skip="0" id="s1-s1" name="DriversPage">Tests.DriversPage</stat>
<stat pass="4" fail="1" skip="0" id="s1-s2" name="EsportsPage">Tests.EsportsPage</stat>
<stat pass="2" fail="3" skip="0" id="s1-s3" name="MainPage">Tests.MainPage</stat>
<stat pass="0" fail="1" skip="0" id="s1-s4" name="NFTPage">Tests.NFTPage</stat>
<stat pass="0" fail="5" skip="0" id="s1-s5" name="PaddockPage">Tests.PaddockPage</stat>
<stat pass="0" fail="4" skip="0" id="s1-s6" name="RacesPage">Tests.RacesPage</stat>
</suite>
</statistics>
<errors>
</errors>
</robot>
